
Note-[RT_BS] Larger stack needed
  Note: Bumping stack limit from 8192 to 8234 Kbytes.

Notice: timing checks disabled with +notimingcheck at compile-time
Chronologic VCS simulator copyright 1991-2016
Contains Synopsys proprietary information.
Compiler version L-2016.06_Full64; Runtime version L-2016.06_Full64;  Jan 15 21:52 2021
Message: From $vcdpluson at time 0 in file ./zipline_tb.v line 166: [VCD+-SVFN]: 
Setting VPD File by "+vpdfile+" switch to 1.xp10.vpd.

TESTNAME=xp10 SEED=  0
--- "rst_n" is being ASSERTED for 100ns ---
--- "rst_n" has been DE-ASSERTED! ---
APB_INFO:  @time:251 Openned test file -->  ../tests/xp10.config
APB_INFO:  @time:251 vector --> # *************************************************************************

APB_INFO:  @time:251 vector --> #

APB_INFO:  @time:251 vector --> # Copyright © Microsoft Corporation. All rights reserved.

APB_INFO:  @time:251 vector --> # Copyright © Broadcom Inc. All rights reserved.

APB_INFO:  @time:251 vector --> # Licensed under the MIT License.

APB_INFO:  @time:251 vector --> #

APB_INFO:  @time:251 vector --> # *************************************************************************

APB_INFO:  @time:251 vector --> r 0x00000000 0xce640000

APB_INFO:  @time:292 Exiting APB engine config ...
INBOUND_INFO:  @time:292 Openned test file -->  ../tests/xp10.inbound
OUTBOUND_INFO:  @time:292 Openned test file -->  ../tests/xp10.outbound
INBOUND_INFO:  @time:301 vector --> 0x400000000a000400  SoT      0xff

INBOUND_INFO:  @time:302 vector --> 0x0000000000000000  EoT      0xff

INBOUND_INFO:  @time:303 vector --> 0x800000000a000601  SoT      0xff

INBOUND_INFO:  @time:304 vector --> 0x000000000780b000           0xff

INBOUND_INFO:  @time:306 vector --> 0x3a00000000200654  EoT      0xff

INBOUND_INFO:  @time:307 vector --> 0xc00000000a00020b  SoT-EoT  0xff

INBOUND_INFO:  @time:308 vector --> 0xa00000000a000005  SoT      0xff

INBOUND_INFO:  @time:309 vector --> 0x0706050403020100           0xff

INBOUND_INFO:  @time:311 vector --> 0x0f0e0d0c0b0a0908           0xff

INBOUND_INFO:  @time:312 vector --> 0x1716151413121110           0xff

INBOUND_INFO:  @time:313 vector --> 0x1f1e1d1c1b1a1918           0xff

INBOUND_INFO:  @time:314 vector --> 0x2726252423222120           0xff

INBOUND_INFO:  @time:316 vector --> 0x2f2e2d2c2b2a2928           0xff

INBOUND_INFO:  @time:317 vector --> 0x3736353433323130           0xff

INBOUND_INFO:  @time:318 vector --> 0x3f3e3d3c3b3a3938           0xff

INBOUND_INFO:  @time:319 vector --> 0x4746454443424140           0xff

INBOUND_INFO:  @time:321 vector --> 0x4f4e4d4c4b4a4948           0xff

INBOUND_INFO:  @time:322 vector --> 0x5756555453525150           0xff

INBOUND_INFO:  @time:323 vector --> 0x5f5e5d5c5b5a5958           0xff

INBOUND_INFO:  @time:324 vector --> 0x6766656463626160           0xff

INBOUND_INFO:  @time:326 vector --> 0x6f6e6d6c6b6a6968           0xff

INBOUND_INFO:  @time:327 vector --> 0x7776757473727170           0xff

INBOUND_INFO:  @time:328 vector --> 0x7f7e7d7c7b7a7978           0xff

INBOUND_INFO:  @time:329 vector --> 0x8786858483828180           0xff

INBOUND_INFO:  @time:331 vector --> 0x8f8e8d8c8b8a8988           0xff

INBOUND_INFO:  @time:332 vector --> 0x9796959493929190           0xff

INBOUND_INFO:  @time:333 vector --> 0x9f9e9d9c9b9a9998           0xff

INBOUND_INFO:  @time:334 vector --> 0xa7a6a5a4a3a2a1a0           0xff

INBOUND_INFO:  @time:336 vector --> 0xafaeadacabaaa9a8           0xff

INBOUND_INFO:  @time:337 vector --> 0xb7b6b5b4b3b2b1b0           0xff

INBOUND_INFO:  @time:338 vector --> 0xbfbebdbcbbbab9b8           0xff

INBOUND_INFO:  @time:339 vector --> 0xc7c6c5c4c3c2c1c0           0xff

INBOUND_INFO:  @time:341 vector --> 0xcfcecdcccbcac9c8           0xff

INBOUND_INFO:  @time:342 vector --> 0xd7d6d5d4d3d2d1d0           0xff

INBOUND_INFO:  @time:343 vector --> 0xdfdedddcdbdad9d8           0xff

INBOUND_INFO:  @time:344 vector --> 0xe7e6e5e4e3e2e1e0           0xff

INBOUND_INFO:  @time:346 vector --> 0xefeeedecebeae9e8           0xff

INBOUND_INFO:  @time:347 vector --> 0xf7f6f5f4f3f2f1f0           0xff

INBOUND_INFO:  @time:348 vector --> 0xfffefdfcfbfaf9f8           0xff

INBOUND_INFO:  @time:349 vector --> 0x0706050403020100           0xff

INBOUND_INFO:  @time:351 vector --> 0x0f0e0d0c0b0a0908           0xff

INBOUND_INFO:  @time:352 vector --> 0x1716151413121110           0xff

INBOUND_INFO:  @time:353 vector --> 0x1f1e1d1c1b1a1918           0xff

INBOUND_INFO:  @time:354 vector --> 0x2726252423222120           0xff

INBOUND_INFO:  @time:356 vector --> 0x2f2e2d2c2b2a2928           0xff

INBOUND_INFO:  @time:357 vector --> 0x3736353433323130           0xff

INBOUND_INFO:  @time:358 vector --> 0x3f3e3d3c3b3a3938           0xff

INBOUND_INFO:  @time:359 vector --> 0x4746454443424140           0xff

INBOUND_INFO:  @time:361 vector --> 0x4f4e4d4c4b4a4948           0xff

INBOUND_INFO:  @time:362 vector --> 0x5756555453525150           0xff

INBOUND_INFO:  @time:363 vector --> 0x5f5e5d5c5b5a5958           0xff

INBOUND_INFO:  @time:364 vector --> 0x6766656463626160           0xff

INBOUND_INFO:  @time:366 vector --> 0x6f6e6d6c6b6a6968           0xff

INBOUND_INFO:  @time:367 vector --> 0x7776757473727170           0xff

INBOUND_INFO:  @time:368 vector --> 0x7f7e7d7c7b7a7978           0xff

INBOUND_INFO:  @time:369 vector --> 0x8786858483828180           0xff

INBOUND_INFO:  @time:371 vector --> 0x8f8e8d8c8b8a8988           0xff

INBOUND_INFO:  @time:372 vector --> 0x9796959493929190           0xff

INBOUND_INFO:  @time:373 vector --> 0x9f9e9d9c9b9a9998           0xff

INBOUND_INFO:  @time:374 vector --> 0xa7a6a5a4a3a2a1a0           0xff

INBOUND_INFO:  @time:376 vector --> 0xafaeadacabaaa9a8           0xff

INBOUND_INFO:  @time:377 vector --> 0xb7b6b5b4b3b2b1b0           0xff

INBOUND_INFO:  @time:378 vector --> 0xbfbebdbcbbbab9b8           0xff

INBOUND_INFO:  @time:379 vector --> 0xc7c6c5c4c3c2c1c0           0xff

INBOUND_INFO:  @time:381 vector --> 0xcfcecdcccbcac9c8           0xff

INBOUND_INFO:  @time:382 vector --> 0xd7d6d5d4d3d2d1d0           0xff

INBOUND_INFO:  @time:383 vector --> 0xdfdedddcdbdad9d8           0xff

INBOUND_INFO:  @time:384 vector --> 0xe7e6e5e4e3e2e1e0           0xff

INBOUND_INFO:  @time:386 vector --> 0xefeeedecebeae9e8           0xff

INBOUND_INFO:  @time:387 vector --> 0xf7f6f5f4f3f2f1f0           0xff

INBOUND_INFO:  @time:388 vector --> 0xfffefdfcfbfaf9f8           0xff

INBOUND_INFO:  @time:389 vector --> 0x0706050403020100           0xff

INBOUND_INFO:  @time:391 vector --> 0x0f0e0d0c0b0a0908           0xff

INBOUND_INFO:  @time:392 vector --> 0x1716151413121110           0xff

INBOUND_INFO:  @time:393 vector --> 0x1f1e1d1c1b1a1918           0xff

INBOUND_INFO:  @time:394 vector --> 0x2726252423222120           0xff

INBOUND_INFO:  @time:396 vector --> 0x2f2e2d2c2b2a2928           0xff

INBOUND_INFO:  @time:397 vector --> 0x3736353433323130           0xff

INBOUND_INFO:  @time:398 vector --> 0x3f3e3d3c3b3a3938           0xff

INBOUND_INFO:  @time:399 vector --> 0x4746454443424140           0xff

INBOUND_INFO:  @time:401 vector --> 0x4f4e4d4c4b4a4948           0xff

INBOUND_INFO:  @time:402 vector --> 0x5756555453525150           0xff

INBOUND_INFO:  @time:403 vector --> 0x5f5e5d5c5b5a5958           0xff

INBOUND_INFO:  @time:404 vector --> 0x6766656463626160           0xff

INBOUND_INFO:  @time:406 vector --> 0x6f6e6d6c6b6a6968           0xff

INBOUND_INFO:  @time:407 vector --> 0x7776757473727170           0xff

INBOUND_INFO:  @time:408 vector --> 0x7f7e7d7c7b7a7978           0xff

INBOUND_INFO:  @time:409 vector --> 0x8786858483828180           0xff

INBOUND_INFO:  @time:411 vector --> 0x8f8e8d8c8b8a8988           0xff

INBOUND_INFO:  @time:412 vector --> 0x9796959493929190           0xff

INBOUND_INFO:  @time:413 vector --> 0x9f9e9d9c9b9a9998           0xff

INBOUND_INFO:  @time:414 vector --> 0xa7a6a5a4a3a2a1a0           0xff

INBOUND_INFO:  @time:416 vector --> 0xafaeadacabaaa9a8           0xff

INBOUND_INFO:  @time:417 vector --> 0xb7b6b5b4b3b2b1b0           0xff

INBOUND_INFO:  @time:418 vector --> 0xbfbebdbcbbbab9b8           0xff

INBOUND_INFO:  @time:419 vector --> 0xc7c6c5c4c3c2c1c0           0xff

INBOUND_INFO:  @time:421 vector --> 0xcfcecdcccbcac9c8           0xff

INBOUND_INFO:  @time:422 vector --> 0xd7d6d5d4d3d2d1d0           0xff

INBOUND_INFO:  @time:423 vector --> 0xdfdedddcdbdad9d8           0xff

INBOUND_INFO:  @time:424 vector --> 0xe7e6e5e4e3e2e1e0           0xff

INBOUND_INFO:  @time:426 vector --> 0xefeeedecebeae9e8           0xff

INBOUND_INFO:  @time:427 vector --> 0xf7f6f5f4f3f2f1f0           0xff

INBOUND_INFO:  @time:428 vector --> 0xfffefdfcfbfaf9f8           0xff

INBOUND_INFO:  @time:429 vector --> 0x0706050403020100           0xff

INBOUND_INFO:  @time:431 vector --> 0x0f0e0d0c0b0a0908           0xff

INBOUND_INFO:  @time:432 vector --> 0x1716151413121110           0xff

INBOUND_INFO:  @time:433 vector --> 0x1f1e1d1c1b1a1918           0xff

INBOUND_INFO:  @time:434 vector --> 0x2726252423222120           0xff

INBOUND_INFO:  @time:436 vector --> 0x2f2e2d2c2b2a2928           0xff

INBOUND_INFO:  @time:437 vector --> 0x3736353433323130           0xff

INBOUND_INFO:  @time:438 vector --> 0x3f3e3d3c3b3a3938           0xff

INBOUND_INFO:  @time:439 vector --> 0x4746454443424140           0xff

INBOUND_INFO:  @time:441 vector --> 0x4f4e4d4c4b4a4948           0xff

INBOUND_INFO:  @time:442 vector --> 0x5756555453525150           0xff

INBOUND_INFO:  @time:443 vector --> 0x5f5e5d5c5b5a5958           0xff

INBOUND_INFO:  @time:444 vector --> 0x6766656463626160           0xff

INBOUND_INFO:  @time:446 vector --> 0x6f6e6d6c6b6a6968           0xff

INBOUND_INFO:  @time:447 vector --> 0x7776757473727170           0xff

OUTBOUND_INFO:  @time:447 vector --> 0x400000000a000400  SoT      0xff

INBOUND_INFO:  @time:448 vector --> 0x7f7e7d7c7b7a7978           0xff

INBOUND_INFO:  @time:449 vector --> 0x8786858483828180           0xff

OUTBOUND_INFO:  @time:449 vector --> 0x0000000000000000  EoT      0xff

INBOUND_INFO:  @time:451 vector --> 0x8f8e8d8c8b8a8988           0xff

INBOUND_INFO:  @time:452 vector --> 0x9796959493929190           0xff

INBOUND_INFO:  @time:453 vector --> 0x9f9e9d9c9b9a9998           0xff

INBOUND_INFO:  @time:454 vector --> 0xa7a6a5a4a3a2a1a0           0xff

INBOUND_INFO:  @time:456 vector --> 0xafaeadacabaaa9a8           0xff

INBOUND_INFO:  @time:457 vector --> 0xb7b6b5b4b3b2b1b0           0xff

INBOUND_INFO:  @time:458 vector --> 0xbfbebdbcbbbab9b8           0xff

INBOUND_INFO:  @time:459 vector --> 0xc7c6c5c4c3c2c1c0           0xff

INBOUND_INFO:  @time:461 vector --> 0xcfcecdcccbcac9c8           0xff

INBOUND_INFO:  @time:462 vector --> 0xd7d6d5d4d3d2d1d0           0xff

INBOUND_INFO:  @time:463 vector --> 0xdfdedddcdbdad9d8           0xff

INBOUND_INFO:  @time:464 vector --> 0xe7e6e5e4e3e2e1e0           0xff

INBOUND_INFO:  @time:466 vector --> 0xefeeedecebeae9e8           0xff

INBOUND_INFO:  @time:467 vector --> 0xf7f6f5f4f3f2f1f0           0xff

INBOUND_INFO:  @time:468 vector --> 0xfffefdfcfbfaf9f8           0xff

INBOUND_INFO:  @time:469 vector --> 0x0706050403020100           0xff

INBOUND_INFO:  @time:471 vector --> 0x0f0e0d0c0b0a0908           0xff

INBOUND_INFO:  @time:472 vector --> 0x1716151413121110           0xff

INBOUND_INFO:  @time:473 vector --> 0x1f1e1d1c1b1a1918           0xff

INBOUND_INFO:  @time:474 vector --> 0x2726252423222120           0xff

INBOUND_INFO:  @time:476 vector --> 0x2f2e2d2c2b2a2928           0xff

INBOUND_INFO:  @time:477 vector --> 0x3736353433323130           0xff

INBOUND_INFO:  @time:478 vector --> 0x3f3e3d3c3b3a3938           0xff

INBOUND_INFO:  @time:479 vector --> 0x4746454443424140           0xff

INBOUND_INFO:  @time:481 vector --> 0x4f4e4d4c4b4a4948           0xff

INBOUND_INFO:  @time:482 vector --> 0x5756555453525150           0xff

INBOUND_INFO:  @time:483 vector --> 0x5f5e5d5c5b5a5958           0xff

INBOUND_INFO:  @time:484 vector --> 0x6766656463626160           0xff

INBOUND_INFO:  @time:486 vector --> 0x6f6e6d6c6b6a6968           0xff

INBOUND_INFO:  @time:487 vector --> 0x7776757473727170           0xff

INBOUND_INFO:  @time:488 vector --> 0x7f7e7d7c7b7a7978           0xff

INBOUND_INFO:  @time:489 vector --> 0x8786858483828180           0xff

INBOUND_INFO:  @time:491 vector --> 0x8f8e8d8c8b8a8988           0xff

INBOUND_INFO:  @time:492 vector --> 0x9796959493929190           0xff

INBOUND_INFO:  @time:493 vector --> 0x9f9e9d9c9b9a9998           0xff

INBOUND_INFO:  @time:494 vector --> 0xa7a6a5a4a3a2a1a0           0xff

INBOUND_INFO:  @time:496 vector --> 0xafaeadacabaaa9a8           0xff

INBOUND_INFO:  @time:497 vector --> 0xb7b6b5b4b3b2b1b0           0xff

INBOUND_INFO:  @time:498 vector --> 0xbfbebdbcbbbab9b8           0xff

INBOUND_INFO:  @time:499 vector --> 0xc7c6c5c4c3c2c1c0           0xff

INBOUND_INFO:  @time:501 vector --> 0xcfcecdcccbcac9c8           0xff

INBOUND_INFO:  @time:502 vector --> 0xd7d6d5d4d3d2d1d0           0xff

INBOUND_INFO:  @time:503 vector --> 0xdfdedddcdbdad9d8           0xff

INBOUND_INFO:  @time:504 vector --> 0xe7e6e5e4e3e2e1e0           0xff

INBOUND_INFO:  @time:506 vector --> 0xefeeedecebeae9e8           0xff

INBOUND_INFO:  @time:507 vector --> 0xf7f6f5f4f3f2f1f0           0xff

INBOUND_INFO:  @time:508 vector --> 0xfffefdfcfbfaf9f8           0xff

INBOUND_INFO:  @time:509 vector --> 0x0706050403020100           0xff

INBOUND_INFO:  @time:511 vector --> 0x0f0e0d0c0b0a0908           0xff

INBOUND_INFO:  @time:512 vector --> 0x1716151413121110           0xff

INBOUND_INFO:  @time:513 vector --> 0x1f1e1d1c1b1a1918           0xff

INBOUND_INFO:  @time:514 vector --> 0x2726252423222120           0xff

INBOUND_INFO:  @time:516 vector --> 0x2f2e2d2c2b2a2928           0xff

INBOUND_INFO:  @time:517 vector --> 0x3736353433323130           0xff

INBOUND_INFO:  @time:518 vector --> 0x3f3e3d3c3b3a3938           0xff

INBOUND_INFO:  @time:519 vector --> 0x4746454443424140           0xff

INBOUND_INFO:  @time:521 vector --> 0x4f4e4d4c4b4a4948           0xff

INBOUND_INFO:  @time:522 vector --> 0x5756555453525150           0xff

INBOUND_INFO:  @time:523 vector --> 0x5f5e5d5c5b5a5958           0xff

INBOUND_INFO:  @time:524 vector --> 0x6766656463626160           0xff

INBOUND_INFO:  @time:526 vector --> 0x6f6e6d6c6b6a6968           0xff

INBOUND_INFO:  @time:527 vector --> 0x7776757473727170           0xff

INBOUND_INFO:  @time:528 vector --> 0x7f7e7d7c7b7a7978           0xff

INBOUND_INFO:  @time:529 vector --> 0x8786858483828180           0xff

INBOUND_INFO:  @time:531 vector --> 0x8f8e8d8c8b8a8988           0xff

INBOUND_INFO:  @time:532 vector --> 0x9796959493929190           0xff

INBOUND_INFO:  @time:533 vector --> 0x9f9e9d9c9b9a9998           0xff

INBOUND_INFO:  @time:534 vector --> 0xa7a6a5a4a3a2a1a0           0xff

INBOUND_INFO:  @time:536 vector --> 0xafaeadacabaaa9a8           0xff

INBOUND_INFO:  @time:537 vector --> 0xb7b6b5b4b3b2b1b0           0xff

INBOUND_INFO:  @time:538 vector --> 0xbfbebdbcbbbab9b8           0xff

INBOUND_INFO:  @time:539 vector --> 0xc7c6c5c4c3c2c1c0           0xff

INBOUND_INFO:  @time:541 vector --> 0xcfcecdcccbcac9c8           0xff

INBOUND_INFO:  @time:542 vector --> 0xd7d6d5d4d3d2d1d0           0xff

INBOUND_INFO:  @time:543 vector --> 0xdfdedddcdbdad9d8           0xff

INBOUND_INFO:  @time:544 vector --> 0xe7e6e5e4e3e2e1e0           0xff

INBOUND_INFO:  @time:546 vector --> 0xefeeedecebeae9e8           0xff

INBOUND_INFO:  @time:547 vector --> 0xf7f6f5f4f3f2f1f0           0xff

INBOUND_INFO:  @time:548 vector --> 0xfffefdfcfbfaf9f8           0xff

INBOUND_INFO:  @time:549 vector --> 0x0706050403020100           0xff

INBOUND_INFO:  @time:551 vector --> 0x0f0e0d0c0b0a0908           0xff

INBOUND_INFO:  @time:552 vector --> 0x1716151413121110           0xff

INBOUND_INFO:  @time:553 vector --> 0x1f1e1d1c1b1a1918           0xff

INBOUND_INFO:  @time:554 vector --> 0x2726252423222120           0xff

INBOUND_INFO:  @time:556 vector --> 0x2f2e2d2c2b2a2928           0xff

INBOUND_INFO:  @time:557 vector --> 0x3736353433323130           0xff

INBOUND_INFO:  @time:558 vector --> 0x3f3e3d3c3b3a3938           0xff

INBOUND_INFO:  @time:559 vector --> 0x4746454443424140           0xff

INBOUND_INFO:  @time:561 vector --> 0x4f4e4d4c4b4a4948           0xff

INBOUND_INFO:  @time:562 vector --> 0x5756555453525150           0xff

INBOUND_INFO:  @time:563 vector --> 0x5f5e5d5c5b5a5958           0xff

INBOUND_INFO:  @time:564 vector --> 0x6766656463626160           0xff

INBOUND_INFO:  @time:566 vector --> 0x6f6e6d6c6b6a6968           0xff

INBOUND_INFO:  @time:567 vector --> 0x7776757473727170           0xff

INBOUND_INFO:  @time:568 vector --> 0x7f7e7d7c7b7a7978           0xff

INBOUND_INFO:  @time:569 vector --> 0x8786858483828180           0xff

INBOUND_INFO:  @time:571 vector --> 0x8f8e8d8c8b8a8988           0xff

INBOUND_INFO:  @time:572 vector --> 0x9796959493929190           0xff

INBOUND_INFO:  @time:573 vector --> 0x9f9e9d9c9b9a9998           0xff

INBOUND_INFO:  @time:574 vector --> 0xa7a6a5a4a3a2a1a0           0xff

INBOUND_INFO:  @time:576 vector --> 0xafaeadacabaaa9a8           0xff

INBOUND_INFO:  @time:577 vector --> 0xb7b6b5b4b3b2b1b0           0xff

INBOUND_INFO:  @time:578 vector --> 0xbfbebdbcbbbab9b8           0xff

INBOUND_INFO:  @time:579 vector --> 0xc7c6c5c4c3c2c1c0           0xff

INBOUND_INFO:  @time:581 vector --> 0xcfcecdcccbcac9c8           0xff

INBOUND_INFO:  @time:582 vector --> 0xd7d6d5d4d3d2d1d0           0xff

INBOUND_INFO:  @time:583 vector --> 0xdfdedddcdbdad9d8           0xff

INBOUND_INFO:  @time:584 vector --> 0xe7e6e5e4e3e2e1e0           0xff

INBOUND_INFO:  @time:586 vector --> 0xefeeedecebeae9e8           0xff

INBOUND_INFO:  @time:587 vector --> 0xf7f6f5f4f3f2f1f0           0xff

INBOUND_INFO:  @time:588 vector --> 0xfffefdfcfbfaf9f8           0xff

INBOUND_INFO:  @time:589 vector --> 0x0706050403020100           0xff

INBOUND_INFO:  @time:591 vector --> 0x0f0e0d0c0b0a0908           0xff

INBOUND_INFO:  @time:592 vector --> 0x1716151413121110           0xff

INBOUND_INFO:  @time:593 vector --> 0x1f1e1d1c1b1a1918           0xff

INBOUND_INFO:  @time:594 vector --> 0x2726252423222120           0xff

INBOUND_INFO:  @time:596 vector --> 0x2f2e2d2c2b2a2928           0xff

INBOUND_INFO:  @time:597 vector --> 0x3736353433323130           0xff

INBOUND_INFO:  @time:598 vector --> 0x3f3e3d3c3b3a3938           0xff

INBOUND_INFO:  @time:599 vector --> 0x4746454443424140           0xff

INBOUND_INFO:  @time:601 vector --> 0x4f4e4d4c4b4a4948           0xff

INBOUND_INFO:  @time:602 vector --> 0x5756555453525150           0xff

INBOUND_INFO:  @time:603 vector --> 0x5f5e5d5c5b5a5958           0xff

INBOUND_INFO:  @time:604 vector --> 0x6766656463626160           0xff

INBOUND_INFO:  @time:606 vector --> 0x6f6e6d6c6b6a6968           0xff

INBOUND_INFO:  @time:607 vector --> 0x7776757473727170           0xff

INBOUND_INFO:  @time:608 vector --> 0x7f7e7d7c7b7a7978           0xff

INBOUND_INFO:  @time:609 vector --> 0x8786858483828180           0xff

INBOUND_INFO:  @time:611 vector --> 0x8f8e8d8c8b8a8988           0xff

INBOUND_INFO:  @time:612 vector --> 0x9796959493929190           0xff

INBOUND_INFO:  @time:613 vector --> 0x9f9e9d9c9b9a9998           0xff

INBOUND_INFO:  @time:614 vector --> 0xa7a6a5a4a3a2a1a0           0xff

INBOUND_INFO:  @time:616 vector --> 0xafaeadacabaaa9a8           0xff

INBOUND_INFO:  @time:617 vector --> 0xb7b6b5b4b3b2b1b0           0xff

INBOUND_INFO:  @time:618 vector --> 0xbfbebdbcbbbab9b8           0xff

INBOUND_INFO:  @time:619 vector --> 0xc7c6c5c4c3c2c1c0           0xff

INBOUND_INFO:  @time:621 vector --> 0xcfcecdcccbcac9c8           0xff

INBOUND_INFO:  @time:622 vector --> 0xd7d6d5d4d3d2d1d0           0xff

INBOUND_INFO:  @time:623 vector --> 0xdfdedddcdbdad9d8           0xff

INBOUND_INFO:  @time:624 vector --> 0xe7e6e5e4e3e2e1e0           0xff

INBOUND_INFO:  @time:626 vector --> 0xefeeedecebeae9e8           0xff

INBOUND_INFO:  @time:627 vector --> 0xf7f6f5f4f3f2f1f0           0xff

INBOUND_INFO:  @time:628 vector --> 0xfffefdfcfbfaf9f8           0xff

INBOUND_INFO:  @time:629 vector --> 0x0706050403020100           0xff

INBOUND_INFO:  @time:631 vector --> 0x0f0e0d0c0b0a0908           0xff

INBOUND_INFO:  @time:632 vector --> 0x1716151413121110           0xff

INBOUND_INFO:  @time:633 vector --> 0x1f1e1d1c1b1a1918           0xff

INBOUND_INFO:  @time:634 vector --> 0x2726252423222120           0xff

INBOUND_INFO:  @time:636 vector --> 0x2f2e2d2c2b2a2928           0xff

INBOUND_INFO:  @time:637 vector --> 0x3736353433323130           0xff

INBOUND_INFO:  @time:638 vector --> 0x3f3e3d3c3b3a3938           0xff

INBOUND_INFO:  @time:639 vector --> 0x4746454443424140           0xff

INBOUND_INFO:  @time:641 vector --> 0x4f4e4d4c4b4a4948           0xff

INBOUND_INFO:  @time:642 vector --> 0x5756555453525150           0xff

INBOUND_INFO:  @time:643 vector --> 0x5f5e5d5c5b5a5958           0xff

INBOUND_INFO:  @time:644 vector --> 0x6766656463626160           0xff

INBOUND_INFO:  @time:646 vector --> 0x6f6e6d6c6b6a6968           0xff

INBOUND_INFO:  @time:647 vector --> 0x7776757473727170           0xff

INBOUND_INFO:  @time:648 vector --> 0x7f7e7d7c7b7a7978           0xff

INBOUND_INFO:  @time:649 vector --> 0x8786858483828180           0xff

INBOUND_INFO:  @time:651 vector --> 0x8f8e8d8c8b8a8988           0xff

INBOUND_INFO:  @time:652 vector --> 0x9796959493929190           0xff

INBOUND_INFO:  @time:653 vector --> 0x9f9e9d9c9b9a9998           0xff

INBOUND_INFO:  @time:654 vector --> 0xa7a6a5a4a3a2a1a0           0xff

INBOUND_INFO:  @time:656 vector --> 0xafaeadacabaaa9a8           0xff

INBOUND_INFO:  @time:657 vector --> 0xb7b6b5b4b3b2b1b0           0xff

INBOUND_INFO:  @time:658 vector --> 0xbfbebdbcbbbab9b8           0xff

INBOUND_INFO:  @time:659 vector --> 0xc7c6c5c4c3c2c1c0           0xff

INBOUND_INFO:  @time:661 vector --> 0xcfcecdcccbcac9c8           0xff

INBOUND_INFO:  @time:662 vector --> 0xd7d6d5d4d3d2d1d0           0xff

INBOUND_INFO:  @time:663 vector --> 0xdfdedddcdbdad9d8           0xff

INBOUND_INFO:  @time:664 vector --> 0xe7e6e5e4e3e2e1e0           0xff

INBOUND_INFO:  @time:666 vector --> 0xefeeedecebeae9e8           0xff

INBOUND_INFO:  @time:667 vector --> 0xf7f6f5f4f3f2f1f0           0xff

INBOUND_INFO:  @time:668 vector --> 0xfffefdfcfbfaf9f8           0xff

INBOUND_INFO:  @time:669 vector --> 0x0706050403020100           0xff

INBOUND_INFO:  @time:671 vector --> 0x0f0e0d0c0b0a0908           0xff

INBOUND_INFO:  @time:672 vector --> 0x1716151413121110           0xff

INBOUND_INFO:  @time:673 vector --> 0x1f1e1d1c1b1a1918           0xff

INBOUND_INFO:  @time:674 vector --> 0x2726252423222120           0xff

INBOUND_INFO:  @time:676 vector --> 0x2f2e2d2c2b2a2928           0xff

INBOUND_INFO:  @time:677 vector --> 0x3736353433323130           0xff

INBOUND_INFO:  @time:678 vector --> 0x3f3e3d3c3b3a3938           0xff

INBOUND_INFO:  @time:679 vector --> 0x4746454443424140           0xff

INBOUND_INFO:  @time:681 vector --> 0x4f4e4d4c4b4a4948           0xff

INBOUND_INFO:  @time:682 vector --> 0x5756555453525150           0xff

INBOUND_INFO:  @time:683 vector --> 0x5f5e5d5c5b5a5958           0xff

INBOUND_INFO:  @time:684 vector --> 0x6766656463626160           0xff

INBOUND_INFO:  @time:686 vector --> 0x6f6e6d6c6b6a6968           0xff

INBOUND_INFO:  @time:687 vector --> 0x7776757473727170           0xff

INBOUND_INFO:  @time:688 vector --> 0x7f7e7d7c7b7a7978           0xff

INBOUND_INFO:  @time:689 vector --> 0x8786858483828180           0xff

INBOUND_INFO:  @time:691 vector --> 0x8f8e8d8c8b8a8988           0xff

INBOUND_INFO:  @time:692 vector --> 0x9796959493929190           0xff

INBOUND_INFO:  @time:693 vector --> 0x9f9e9d9c9b9a9998           0xff

INBOUND_INFO:  @time:694 vector --> 0xa7a6a5a4a3a2a1a0           0xff

INBOUND_INFO:  @time:696 vector --> 0xafaeadacabaaa9a8           0xff

INBOUND_INFO:  @time:697 vector --> 0xb7b6b5b4b3b2b1b0           0xff

INBOUND_INFO:  @time:698 vector --> 0xbfbebdbcbbbab9b8           0xff

INBOUND_INFO:  @time:699 vector --> 0xc7c6c5c4c3c2c1c0           0xff

INBOUND_INFO:  @time:701 vector --> 0xcfcecdcccbcac9c8           0xff

INBOUND_INFO:  @time:702 vector --> 0xd7d6d5d4d3d2d1d0           0xff

INBOUND_INFO:  @time:703 vector --> 0xdfdedddcdbdad9d8           0xff

INBOUND_INFO:  @time:704 vector --> 0xe7e6e5e4e3e2e1e0           0xff

INBOUND_INFO:  @time:706 vector --> 0xefeeedecebeae9e8           0xff

INBOUND_INFO:  @time:707 vector --> 0xf7f6f5f4f3f2f1f0           0xff

INBOUND_INFO:  @time:708 vector --> 0xfffefdfcfbfaf9f8           0xff

INBOUND_INFO:  @time:709 vector --> 0x0706050403020100           0xff

INBOUND_INFO:  @time:711 vector --> 0x0f0e0d0c0b0a0908           0xff

INBOUND_INFO:  @time:712 vector --> 0x1716151413121110           0xff

INBOUND_INFO:  @time:713 vector --> 0x1f1e1d1c1b1a1918           0xff

INBOUND_INFO:  @time:714 vector --> 0x2726252423222120           0xff

INBOUND_INFO:  @time:716 vector --> 0x2f2e2d2c2b2a2928           0xff

INBOUND_INFO:  @time:717 vector --> 0x3736353433323130           0xff

INBOUND_INFO:  @time:718 vector --> 0x3f3e3d3c3b3a3938           0xff

INBOUND_INFO:  @time:719 vector --> 0x4746454443424140           0xff

INBOUND_INFO:  @time:721 vector --> 0x4f4e4d4c4b4a4948           0xff

INBOUND_INFO:  @time:722 vector --> 0x5756555453525150           0xff

INBOUND_INFO:  @time:723 vector --> 0x5f5e5d5c5b5a5958           0xff

INBOUND_INFO:  @time:724 vector --> 0x6766656463626160           0xff

INBOUND_INFO:  @time:726 vector --> 0x6f6e6d6c6b6a6968           0xff

INBOUND_INFO:  @time:727 vector --> 0x7776757473727170           0xff

INBOUND_INFO:  @time:728 vector --> 0x7f7e7d7c7b7a7978           0xff

INBOUND_INFO:  @time:729 vector --> 0x8786858483828180           0xff

INBOUND_INFO:  @time:731 vector --> 0x8f8e8d8c8b8a8988           0xff

INBOUND_INFO:  @time:732 vector --> 0x9796959493929190           0xff

INBOUND_INFO:  @time:733 vector --> 0x9f9e9d9c9b9a9998           0xff

INBOUND_INFO:  @time:734 vector --> 0xa7a6a5a4a3a2a1a0           0xff

INBOUND_INFO:  @time:736 vector --> 0xafaeadacabaaa9a8           0xff

INBOUND_INFO:  @time:737 vector --> 0xb7b6b5b4b3b2b1b0           0xff

INBOUND_INFO:  @time:738 vector --> 0xbfbebdbcbbbab9b8           0xff

INBOUND_INFO:  @time:739 vector --> 0xc7c6c5c4c3c2c1c0           0xff

INBOUND_INFO:  @time:741 vector --> 0xcfcecdcccbcac9c8           0xff

INBOUND_INFO:  @time:742 vector --> 0xd7d6d5d4d3d2d1d0           0xff

INBOUND_INFO:  @time:743 vector --> 0xdfdedddcdbdad9d8           0xff

INBOUND_INFO:  @time:744 vector --> 0xe7e6e5e4e3e2e1e0           0xff

INBOUND_INFO:  @time:746 vector --> 0xefeeedecebeae9e8           0xff

INBOUND_INFO:  @time:747 vector --> 0xf7f6f5f4f3f2f1f0           0xff

INBOUND_INFO:  @time:748 vector --> 0xfffefdfcfbfaf9f8           0xff

INBOUND_INFO:  @time:749 vector --> 0x0706050403020100           0xff

INBOUND_INFO:  @time:751 vector --> 0x0f0e0d0c0b0a0908           0xff

INBOUND_INFO:  @time:752 vector --> 0x1716151413121110           0xff

INBOUND_INFO:  @time:753 vector --> 0x1f1e1d1c1b1a1918           0xff

INBOUND_INFO:  @time:754 vector --> 0x2726252423222120           0xff

INBOUND_INFO:  @time:756 vector --> 0x2f2e2d2c2b2a2928           0xff

INBOUND_INFO:  @time:757 vector --> 0x3736353433323130           0xff

INBOUND_INFO:  @time:758 vector --> 0x3f3e3d3c3b3a3938           0xff

INBOUND_INFO:  @time:759 vector --> 0x4746454443424140           0xff

INBOUND_INFO:  @time:761 vector --> 0x4f4e4d4c4b4a4948           0xff

INBOUND_INFO:  @time:762 vector --> 0x5756555453525150           0xff

INBOUND_INFO:  @time:763 vector --> 0x5f5e5d5c5b5a5958           0xff

INBOUND_INFO:  @time:764 vector --> 0x6766656463626160           0xff

INBOUND_INFO:  @time:766 vector --> 0x6f6e6d6c6b6a6968           0xff

INBOUND_INFO:  @time:767 vector --> 0x7776757473727170           0xff

INBOUND_INFO:  @time:768 vector --> 0x7f7e7d7c7b7a7978           0xff

INBOUND_INFO:  @time:769 vector --> 0x8786858483828180           0xff

INBOUND_INFO:  @time:771 vector --> 0x8f8e8d8c8b8a8988           0xff

INBOUND_INFO:  @time:772 vector --> 0x9796959493929190           0xff

INBOUND_INFO:  @time:773 vector --> 0x9f9e9d9c9b9a9998           0xff

INBOUND_INFO:  @time:774 vector --> 0xa7a6a5a4a3a2a1a0           0xff

INBOUND_INFO:  @time:776 vector --> 0xafaeadacabaaa9a8           0xff

INBOUND_INFO:  @time:777 vector --> 0xb7b6b5b4b3b2b1b0           0xff

INBOUND_INFO:  @time:778 vector --> 0xbfbebdbcbbbab9b8           0xff

INBOUND_INFO:  @time:779 vector --> 0xc7c6c5c4c3c2c1c0           0xff

INBOUND_INFO:  @time:781 vector --> 0xcfcecdcccbcac9c8           0xff

INBOUND_INFO:  @time:782 vector --> 0xd7d6d5d4d3d2d1d0           0xff

INBOUND_INFO:  @time:783 vector --> 0xdfdedddcdbdad9d8           0xff

INBOUND_INFO:  @time:784 vector --> 0xe7e6e5e4e3e2e1e0           0xff

INBOUND_INFO:  @time:786 vector --> 0xefeeedecebeae9e8           0xff

INBOUND_INFO:  @time:787 vector --> 0xf7f6f5f4f3f2f1f0           0xff

INBOUND_INFO:  @time:788 vector --> 0xfffefdfcfbfaf9f8           0xff

INBOUND_INFO:  @time:789 vector --> 0x0706050403020100           0xff

INBOUND_INFO:  @time:791 vector --> 0x0f0e0d0c0b0a0908           0xff

INBOUND_INFO:  @time:792 vector --> 0x1716151413121110           0xff

INBOUND_INFO:  @time:793 vector --> 0x1f1e1d1c1b1a1918           0xff

INBOUND_INFO:  @time:794 vector --> 0x2726252423222120           0xff

INBOUND_INFO:  @time:796 vector --> 0x2f2e2d2c2b2a2928           0xff

INBOUND_INFO:  @time:797 vector --> 0x3736353433323130           0xff

INBOUND_INFO:  @time:798 vector --> 0x3f3e3d3c3b3a3938           0xff

INBOUND_INFO:  @time:799 vector --> 0x4746454443424140           0xff

INBOUND_INFO:  @time:801 vector --> 0x4f4e4d4c4b4a4948           0xff

INBOUND_INFO:  @time:802 vector --> 0x5756555453525150           0xff

INBOUND_INFO:  @time:803 vector --> 0x5f5e5d5c5b5a5958           0xff

INBOUND_INFO:  @time:804 vector --> 0x6766656463626160           0xff

INBOUND_INFO:  @time:806 vector --> 0x6f6e6d6c6b6a6968           0xff

INBOUND_INFO:  @time:807 vector --> 0x7776757473727170           0xff

INBOUND_INFO:  @time:808 vector --> 0x7f7e7d7c7b7a7978           0xff

INBOUND_INFO:  @time:809 vector --> 0x8786858483828180           0xff

INBOUND_INFO:  @time:811 vector --> 0x8f8e8d8c8b8a8988           0xff

INBOUND_INFO:  @time:812 vector --> 0x9796959493929190           0xff

INBOUND_INFO:  @time:813 vector --> 0x9f9e9d9c9b9a9998           0xff

INBOUND_INFO:  @time:814 vector --> 0xa7a6a5a4a3a2a1a0           0xff

INBOUND_INFO:  @time:816 vector --> 0xafaeadacabaaa9a8           0xff

INBOUND_INFO:  @time:817 vector --> 0xb7b6b5b4b3b2b1b0           0xff

INBOUND_INFO:  @time:818 vector --> 0xbfbebdbcbbbab9b8           0xff

INBOUND_INFO:  @time:819 vector --> 0xc7c6c5c4c3c2c1c0           0xff

INBOUND_INFO:  @time:821 vector --> 0xcfcecdcccbcac9c8           0xff

INBOUND_INFO:  @time:822 vector --> 0xd7d6d5d4d3d2d1d0           0xff

INBOUND_INFO:  @time:823 vector --> 0xdfdedddcdbdad9d8           0xff

INBOUND_INFO:  @time:824 vector --> 0xe7e6e5e4e3e2e1e0           0xff

INBOUND_INFO:  @time:826 vector --> 0xefeeedecebeae9e8           0xff

INBOUND_INFO:  @time:827 vector --> 0xf7f6f5f4f3f2f1f0           0xff

INBOUND_INFO:  @time:828 vector --> 0xfffefdfcfbfaf9f8           0xff

INBOUND_INFO:  @time:829 vector --> 0x0706050403020100           0xff

INBOUND_INFO:  @time:831 vector --> 0x0f0e0d0c0b0a0908           0xff

INBOUND_INFO:  @time:832 vector --> 0x1716151413121110           0xff

INBOUND_INFO:  @time:833 vector --> 0x1f1e1d1c1b1a1918           0xff

INBOUND_INFO:  @time:834 vector --> 0x2726252423222120           0xff

INBOUND_INFO:  @time:836 vector --> 0x2f2e2d2c2b2a2928           0xff

INBOUND_INFO:  @time:837 vector --> 0x3736353433323130           0xff

INBOUND_INFO:  @time:838 vector --> 0x3f3e3d3c3b3a3938           0xff

INBOUND_INFO:  @time:839 vector --> 0x4746454443424140           0xff

INBOUND_INFO:  @time:841 vector --> 0x4f4e4d4c4b4a4948           0xff

INBOUND_INFO:  @time:842 vector --> 0x5756555453525150           0xff

INBOUND_INFO:  @time:843 vector --> 0x5f5e5d5c5b5a5958           0xff

INBOUND_INFO:  @time:844 vector --> 0x6766656463626160           0xff

INBOUND_INFO:  @time:846 vector --> 0x6f6e6d6c6b6a6968           0xff

INBOUND_INFO:  @time:847 vector --> 0x7776757473727170           0xff

INBOUND_INFO:  @time:848 vector --> 0x7f7e7d7c7b7a7978           0xff

INBOUND_INFO:  @time:849 vector --> 0x8786858483828180           0xff

INBOUND_INFO:  @time:851 vector --> 0x8f8e8d8c8b8a8988           0xff

INBOUND_INFO:  @time:852 vector --> 0x9796959493929190           0xff

INBOUND_INFO:  @time:853 vector --> 0x9f9e9d9c9b9a9998           0xff

INBOUND_INFO:  @time:854 vector --> 0xa7a6a5a4a3a2a1a0           0xff

INBOUND_INFO:  @time:856 vector --> 0xafaeadacabaaa9a8           0xff

INBOUND_INFO:  @time:857 vector --> 0xb7b6b5b4b3b2b1b0           0xff

INBOUND_INFO:  @time:858 vector --> 0xbfbebdbcbbbab9b8           0xff

INBOUND_INFO:  @time:859 vector --> 0xc7c6c5c4c3c2c1c0           0xff

INBOUND_INFO:  @time:861 vector --> 0xcfcecdcccbcac9c8           0xff

INBOUND_INFO:  @time:862 vector --> 0xd7d6d5d4d3d2d1d0           0xff

INBOUND_INFO:  @time:863 vector --> 0xdfdedddcdbdad9d8           0xff

INBOUND_INFO:  @time:864 vector --> 0xe7e6e5e4e3e2e1e0           0xff

INBOUND_INFO:  @time:866 vector --> 0xefeeedecebeae9e8           0xff

INBOUND_INFO:  @time:867 vector --> 0xf7f6f5f4f3f2f1f0           0xff

INBOUND_INFO:  @time:868 vector --> 0xfffefdfcfbfaf9f8           0xff

INBOUND_INFO:  @time:869 vector --> 0x0706050403020100           0xff

INBOUND_INFO:  @time:871 vector --> 0x0f0e0d0c0b0a0908           0xff

INBOUND_INFO:  @time:872 vector --> 0x1716151413121110           0xff

INBOUND_INFO:  @time:873 vector --> 0x1f1e1d1c1b1a1918           0xff

INBOUND_INFO:  @time:874 vector --> 0x2726252423222120           0xff

INBOUND_INFO:  @time:876 vector --> 0x2f2e2d2c2b2a2928           0xff

INBOUND_INFO:  @time:877 vector --> 0x3736353433323130           0xff

INBOUND_INFO:  @time:878 vector --> 0x3f3e3d3c3b3a3938           0xff

INBOUND_INFO:  @time:879 vector --> 0x4746454443424140           0xff

INBOUND_INFO:  @time:881 vector --> 0x4f4e4d4c4b4a4948           0xff

INBOUND_INFO:  @time:882 vector --> 0x5756555453525150           0xff

INBOUND_INFO:  @time:883 vector --> 0x5f5e5d5c5b5a5958           0xff

INBOUND_INFO:  @time:884 vector --> 0x6766656463626160           0xff

INBOUND_INFO:  @time:886 vector --> 0x6f6e6d6c6b6a6968           0xff

INBOUND_INFO:  @time:887 vector --> 0x7776757473727170           0xff

INBOUND_INFO:  @time:888 vector --> 0x7f7e7d7c7b7a7978           0xff

INBOUND_INFO:  @time:889 vector --> 0x8786858483828180           0xff

INBOUND_INFO:  @time:891 vector --> 0x8f8e8d8c8b8a8988           0xff

INBOUND_INFO:  @time:892 vector --> 0x9796959493929190           0xff

INBOUND_INFO:  @time:893 vector --> 0x9f9e9d9c9b9a9998           0xff

INBOUND_INFO:  @time:894 vector --> 0xa7a6a5a4a3a2a1a0           0xff

INBOUND_INFO:  @time:896 vector --> 0xafaeadacabaaa9a8           0xff

INBOUND_INFO:  @time:897 vector --> 0xb7b6b5b4b3b2b1b0           0xff

INBOUND_INFO:  @time:898 vector --> 0xbfbebdbcbbbab9b8           0xff

INBOUND_INFO:  @time:899 vector --> 0xc7c6c5c4c3c2c1c0           0xff

INBOUND_INFO:  @time:901 vector --> 0xcfcecdcccbcac9c8           0xff

INBOUND_INFO:  @time:902 vector --> 0xd7d6d5d4d3d2d1d0           0xff

INBOUND_INFO:  @time:903 vector --> 0xdfdedddcdbdad9d8           0xff

INBOUND_INFO:  @time:904 vector --> 0xe7e6e5e4e3e2e1e0           0xff

INBOUND_INFO:  @time:906 vector --> 0xefeeedecebeae9e8           0xff

INBOUND_INFO:  @time:907 vector --> 0xf7f6f5f4f3f2f1f0           0xff

INBOUND_INFO:  @time:908 vector --> 0xfffefdfcfbfaf9f8           0xff

INBOUND_INFO:  @time:909 vector --> 0x0706050403020100           0xff

INBOUND_INFO:  @time:911 vector --> 0x0f0e0d0c0b0a0908           0xff

INBOUND_INFO:  @time:912 vector --> 0x1716151413121110           0xff

INBOUND_INFO:  @time:913 vector --> 0x1f1e1d1c1b1a1918           0xff

INBOUND_INFO:  @time:914 vector --> 0x2726252423222120           0xff

INBOUND_INFO:  @time:916 vector --> 0x2f2e2d2c2b2a2928           0xff

INBOUND_INFO:  @time:917 vector --> 0x3736353433323130           0xff

INBOUND_INFO:  @time:918 vector --> 0x3f3e3d3c3b3a3938           0xff

INBOUND_INFO:  @time:919 vector --> 0x4746454443424140           0xff

INBOUND_INFO:  @time:921 vector --> 0x4f4e4d4c4b4a4948           0xff

INBOUND_INFO:  @time:922 vector --> 0x5756555453525150           0xff

INBOUND_INFO:  @time:923 vector --> 0x5f5e5d5c5b5a5958           0xff

INBOUND_INFO:  @time:924 vector --> 0x6766656463626160           0xff

INBOUND_INFO:  @time:926 vector --> 0x6f6e6d6c6b6a6968           0xff

INBOUND_INFO:  @time:927 vector --> 0x7776757473727170           0xff

INBOUND_INFO:  @time:928 vector --> 0x7f7e7d7c7b7a7978           0xff

INBOUND_INFO:  @time:929 vector --> 0x8786858483828180           0xff

INBOUND_INFO:  @time:931 vector --> 0x8f8e8d8c8b8a8988           0xff

INBOUND_INFO:  @time:932 vector --> 0x9796959493929190           0xff

INBOUND_INFO:  @time:933 vector --> 0x9f9e9d9c9b9a9998           0xff

INBOUND_INFO:  @time:934 vector --> 0xa7a6a5a4a3a2a1a0           0xff

INBOUND_INFO:  @time:936 vector --> 0xafaeadacabaaa9a8           0xff

INBOUND_INFO:  @time:937 vector --> 0xb7b6b5b4b3b2b1b0           0xff

INBOUND_INFO:  @time:938 vector --> 0xbfbebdbcbbbab9b8           0xff

INBOUND_INFO:  @time:939 vector --> 0xc7c6c5c4c3c2c1c0           0xff

INBOUND_INFO:  @time:941 vector --> 0xcfcecdcccbcac9c8           0xff

INBOUND_INFO:  @time:942 vector --> 0xd7d6d5d4d3d2d1d0           0xff

INBOUND_INFO:  @time:943 vector --> 0xdfdedddcdbdad9d8           0xff

INBOUND_INFO:  @time:944 vector --> 0xe7e6e5e4e3e2e1e0           0xff

INBOUND_INFO:  @time:946 vector --> 0xefeeedecebeae9e8           0xff

INBOUND_INFO:  @time:947 vector --> 0xf7f6f5f4f3f2f1f0           0xff

INBOUND_INFO:  @time:948 vector --> 0xfffefdfcfbfaf9f8           0xff

INBOUND_INFO:  @time:949 vector --> 0x0706050403020100           0xff

INBOUND_INFO:  @time:951 vector --> 0x0f0e0d0c0b0a0908           0xff

INBOUND_INFO:  @time:952 vector --> 0x1716151413121110           0xff

INBOUND_INFO:  @time:953 vector --> 0x1f1e1d1c1b1a1918           0xff

INBOUND_INFO:  @time:954 vector --> 0x2726252423222120           0xff

INBOUND_INFO:  @time:956 vector --> 0x2f2e2d2c2b2a2928           0xff

INBOUND_INFO:  @time:957 vector --> 0x3736353433323130           0xff

INBOUND_INFO:  @time:958 vector --> 0x3f3e3d3c3b3a3938           0xff

INBOUND_INFO:  @time:959 vector --> 0x4746454443424140           0xff

INBOUND_INFO:  @time:961 vector --> 0x4f4e4d4c4b4a4948           0xff

INBOUND_INFO:  @time:962 vector --> 0x5756555453525150           0xff

INBOUND_INFO:  @time:963 vector --> 0x5f5e5d5c5b5a5958           0xff

INBOUND_INFO:  @time:964 vector --> 0x6766656463626160           0xff

INBOUND_INFO:  @time:966 vector --> 0x6f6e6d6c6b6a6968           0xff

INBOUND_INFO:  @time:967 vector --> 0x7776757473727170           0xff

INBOUND_INFO:  @time:968 vector --> 0x7f7e7d7c7b7a7978           0xff

INBOUND_INFO:  @time:969 vector --> 0x8786858483828180           0xff

INBOUND_INFO:  @time:971 vector --> 0x8f8e8d8c8b8a8988           0xff

INBOUND_INFO:  @time:972 vector --> 0x9796959493929190           0xff

INBOUND_INFO:  @time:973 vector --> 0x9f9e9d9c9b9a9998           0xff

INBOUND_INFO:  @time:974 vector --> 0xa7a6a5a4a3a2a1a0           0xff

INBOUND_INFO:  @time:976 vector --> 0xafaeadacabaaa9a8           0xff

INBOUND_INFO:  @time:977 vector --> 0xb7b6b5b4b3b2b1b0           0xff

INBOUND_INFO:  @time:978 vector --> 0xbfbebdbcbbbab9b8           0xff

INBOUND_INFO:  @time:979 vector --> 0xc7c6c5c4c3c2c1c0           0xff

INBOUND_INFO:  @time:981 vector --> 0xcfcecdcccbcac9c8           0xff

INBOUND_INFO:  @time:982 vector --> 0xd7d6d5d4d3d2d1d0           0xff

INBOUND_INFO:  @time:983 vector --> 0xdfdedddcdbdad9d8           0xff

INBOUND_INFO:  @time:984 vector --> 0xe7e6e5e4e3e2e1e0           0xff

INBOUND_INFO:  @time:986 vector --> 0xefeeedecebeae9e8           0xff

INBOUND_INFO:  @time:987 vector --> 0xf7f6f5f4f3f2f1f0           0xff

INBOUND_INFO:  @time:988 vector --> 0xfffefdfcfbfaf9f8           0xff

INBOUND_INFO:  @time:989 vector --> 0x0706050403020100           0xff

INBOUND_INFO:  @time:991 vector --> 0x0f0e0d0c0b0a0908           0xff

INBOUND_INFO:  @time:992 vector --> 0x1716151413121110           0xff

INBOUND_INFO:  @time:993 vector --> 0x1f1e1d1c1b1a1918           0xff

INBOUND_INFO:  @time:994 vector --> 0x2726252423222120           0xff

INBOUND_INFO:  @time:996 vector --> 0x2f2e2d2c2b2a2928           0xff

INBOUND_INFO:  @time:997 vector --> 0x3736353433323130           0xff

INBOUND_INFO:  @time:998 vector --> 0x3f3e3d3c3b3a3938           0xff

INBOUND_INFO:  @time:999 vector --> 0x4746454443424140           0xff

INBOUND_INFO:  @time:1001 vector --> 0x4f4e4d4c4b4a4948           0xff

INBOUND_INFO:  @time:1002 vector --> 0x5756555453525150           0xff

INBOUND_INFO:  @time:1003 vector --> 0x5f5e5d5c5b5a5958           0xff

INBOUND_INFO:  @time:1004 vector --> 0x6766656463626160           0xff

INBOUND_INFO:  @time:1006 vector --> 0x6f6e6d6c6b6a6968           0xff

INBOUND_INFO:  @time:1007 vector --> 0x7776757473727170           0xff

INBOUND_INFO:  @time:1008 vector --> 0x7f7e7d7c7b7a7978           0xff

INBOUND_INFO:  @time:1009 vector --> 0x8786858483828180           0xff

INBOUND_INFO:  @time:1011 vector --> 0x8f8e8d8c8b8a8988           0xff

INBOUND_INFO:  @time:1012 vector --> 0x9796959493929190           0xff

INBOUND_INFO:  @time:1013 vector --> 0x9f9e9d9c9b9a9998           0xff

INBOUND_INFO:  @time:1014 vector --> 0xa7a6a5a4a3a2a1a0           0xff

INBOUND_INFO:  @time:1016 vector --> 0xafaeadacabaaa9a8           0xff

INBOUND_INFO:  @time:1017 vector --> 0xb7b6b5b4b3b2b1b0           0xff

INBOUND_INFO:  @time:1018 vector --> 0xbfbebdbcbbbab9b8           0xff

INBOUND_INFO:  @time:1019 vector --> 0xc7c6c5c4c3c2c1c0           0xff

INBOUND_INFO:  @time:1021 vector --> 0xcfcecdcccbcac9c8           0xff

INBOUND_INFO:  @time:1022 vector --> 0xd7d6d5d4d3d2d1d0           0xff

INBOUND_INFO:  @time:1023 vector --> 0xdfdedddcdbdad9d8           0xff

INBOUND_INFO:  @time:1024 vector --> 0xe7e6e5e4e3e2e1e0           0xff

INBOUND_INFO:  @time:1026 vector --> 0xefeeedecebeae9e8           0xff

INBOUND_INFO:  @time:1027 vector --> 0xf7f6f5f4f3f2f1f0           0xff

INBOUND_INFO:  @time:1028 vector --> 0xfffefdfcfbfaf9f8           0xff

INBOUND_INFO:  @time:1029 vector --> 0x0706050403020100           0xff

INBOUND_INFO:  @time:1031 vector --> 0x0f0e0d0c0b0a0908           0xff

INBOUND_INFO:  @time:1032 vector --> 0x1716151413121110           0xff

INBOUND_INFO:  @time:1033 vector --> 0x1f1e1d1c1b1a1918           0xff

INBOUND_INFO:  @time:1034 vector --> 0x2726252423222120           0xff

INBOUND_INFO:  @time:1036 vector --> 0x2f2e2d2c2b2a2928           0xff

INBOUND_INFO:  @time:1037 vector --> 0x3736353433323130           0xff

INBOUND_INFO:  @time:1038 vector --> 0x3f3e3d3c3b3a3938           0xff

INBOUND_INFO:  @time:1039 vector --> 0x4746454443424140           0xff

INBOUND_INFO:  @time:1041 vector --> 0x4f4e4d4c4b4a4948           0xff

INBOUND_INFO:  @time:1042 vector --> 0x5756555453525150           0xff

INBOUND_INFO:  @time:1043 vector --> 0x5f5e5d5c5b5a5958           0xff

INBOUND_INFO:  @time:1044 vector --> 0x6766656463626160           0xff

INBOUND_INFO:  @time:1046 vector --> 0x6f6e6d6c6b6a6968           0xff

INBOUND_INFO:  @time:1047 vector --> 0x7776757473727170           0xff

INBOUND_INFO:  @time:1048 vector --> 0x7f7e7d7c7b7a7978           0xff

INBOUND_INFO:  @time:1049 vector --> 0x8786858483828180           0xff

INBOUND_INFO:  @time:1051 vector --> 0x8f8e8d8c8b8a8988           0xff

INBOUND_INFO:  @time:1052 vector --> 0x9796959493929190           0xff

INBOUND_INFO:  @time:1053 vector --> 0x9f9e9d9c9b9a9998           0xff

INBOUND_INFO:  @time:1054 vector --> 0xa7a6a5a4a3a2a1a0           0xff

INBOUND_INFO:  @time:1056 vector --> 0xafaeadacabaaa9a8           0xff

INBOUND_INFO:  @time:1057 vector --> 0xb7b6b5b4b3b2b1b0           0xff

INBOUND_INFO:  @time:1058 vector --> 0xbfbebdbcbbbab9b8           0xff

INBOUND_INFO:  @time:1059 vector --> 0xc7c6c5c4c3c2c1c0           0xff

INBOUND_INFO:  @time:1061 vector --> 0xcfcecdcccbcac9c8           0xff

INBOUND_INFO:  @time:1062 vector --> 0xd7d6d5d4d3d2d1d0           0xff

INBOUND_INFO:  @time:1063 vector --> 0xdfdedddcdbdad9d8           0xff

INBOUND_INFO:  @time:1064 vector --> 0xe7e6e5e4e3e2e1e0           0xff

INBOUND_INFO:  @time:1066 vector --> 0xefeeedecebeae9e8           0xff

INBOUND_INFO:  @time:1067 vector --> 0xf7f6f5f4f3f2f1f0           0xff

INBOUND_INFO:  @time:1068 vector --> 0xfffefdfcfbfaf9f8           0xff

INBOUND_INFO:  @time:1069 vector --> 0x0706050403020100           0xff

INBOUND_INFO:  @time:1071 vector --> 0x0f0e0d0c0b0a0908           0xff

INBOUND_INFO:  @time:1072 vector --> 0x1716151413121110           0xff

INBOUND_INFO:  @time:1073 vector --> 0x1f1e1d1c1b1a1918           0xff

INBOUND_INFO:  @time:1074 vector --> 0x2726252423222120           0xff

INBOUND_INFO:  @time:1076 vector --> 0x2f2e2d2c2b2a2928           0xff

INBOUND_INFO:  @time:1077 vector --> 0x3736353433323130           0xff

INBOUND_INFO:  @time:1078 vector --> 0x3f3e3d3c3b3a3938           0xff

INBOUND_INFO:  @time:1079 vector --> 0x4746454443424140           0xff

INBOUND_INFO:  @time:1081 vector --> 0x4f4e4d4c4b4a4948           0xff

INBOUND_INFO:  @time:1082 vector --> 0x5756555453525150           0xff

INBOUND_INFO:  @time:1083 vector --> 0x5f5e5d5c5b5a5958           0xff

INBOUND_INFO:  @time:1084 vector --> 0x6766656463626160           0xff

INBOUND_INFO:  @time:1086 vector --> 0x6f6e6d6c6b6a6968           0xff

INBOUND_INFO:  @time:1087 vector --> 0x7776757473727170           0xff

INBOUND_INFO:  @time:1088 vector --> 0x7f7e7d7c7b7a7978           0xff

INBOUND_INFO:  @time:1089 vector --> 0x8786858483828180           0xff

INBOUND_INFO:  @time:1091 vector --> 0x8f8e8d8c8b8a8988           0xff

INBOUND_INFO:  @time:1092 vector --> 0x9796959493929190           0xff

INBOUND_INFO:  @time:1093 vector --> 0x9f9e9d9c9b9a9998           0xff

INBOUND_INFO:  @time:1094 vector --> 0xa7a6a5a4a3a2a1a0           0xff

INBOUND_INFO:  @time:1096 vector --> 0xafaeadacabaaa9a8           0xff

INBOUND_INFO:  @time:1097 vector --> 0xb7b6b5b4b3b2b1b0           0xff

INBOUND_INFO:  @time:1098 vector --> 0xbfbebdbcbbbab9b8           0xff

INBOUND_INFO:  @time:1099 vector --> 0xc7c6c5c4c3c2c1c0           0xff

INBOUND_INFO:  @time:1101 vector --> 0xcfcecdcccbcac9c8           0xff

INBOUND_INFO:  @time:1102 vector --> 0xd7d6d5d4d3d2d1d0           0xff

INBOUND_INFO:  @time:1103 vector --> 0xdfdedddcdbdad9d8           0xff

INBOUND_INFO:  @time:1104 vector --> 0xe7e6e5e4e3e2e1e0           0xff

INBOUND_INFO:  @time:1106 vector --> 0xefeeedecebeae9e8           0xff

INBOUND_INFO:  @time:1107 vector --> 0xf7f6f5f4f3f2f1f0           0xff

INBOUND_INFO:  @time:1108 vector --> 0xfffefdfcfbfaf9f8           0xff

INBOUND_INFO:  @time:1109 vector --> 0x0706050403020100           0xff

INBOUND_INFO:  @time:1111 vector --> 0x0f0e0d0c0b0a0908           0xff

INBOUND_INFO:  @time:1112 vector --> 0x1716151413121110           0xff

INBOUND_INFO:  @time:1113 vector --> 0x1f1e1d1c1b1a1918           0xff

INBOUND_INFO:  @time:1114 vector --> 0x2726252423222120           0xff

INBOUND_INFO:  @time:1116 vector --> 0x2f2e2d2c2b2a2928           0xff

INBOUND_INFO:  @time:1117 vector --> 0x3736353433323130           0xff

INBOUND_INFO:  @time:1118 vector --> 0x3f3e3d3c3b3a3938           0xff

INBOUND_INFO:  @time:1119 vector --> 0x4746454443424140           0xff

INBOUND_INFO:  @time:1121 vector --> 0x4f4e4d4c4b4a4948           0xff

INBOUND_INFO:  @time:1122 vector --> 0x5756555453525150           0xff

INBOUND_INFO:  @time:1123 vector --> 0x5f5e5d5c5b5a5958           0xff

INBOUND_INFO:  @time:1124 vector --> 0x6766656463626160           0xff

INBOUND_INFO:  @time:1126 vector --> 0x6f6e6d6c6b6a6968           0xff

INBOUND_INFO:  @time:1127 vector --> 0x7776757473727170           0xff

INBOUND_INFO:  @time:1128 vector --> 0x7f7e7d7c7b7a7978           0xff

INBOUND_INFO:  @time:1129 vector --> 0x8786858483828180           0xff

INBOUND_INFO:  @time:1131 vector --> 0x8f8e8d8c8b8a8988           0xff

INBOUND_INFO:  @time:1132 vector --> 0x9796959493929190           0xff

INBOUND_INFO:  @time:1133 vector --> 0x9f9e9d9c9b9a9998           0xff

INBOUND_INFO:  @time:1134 vector --> 0xa7a6a5a4a3a2a1a0           0xff

INBOUND_INFO:  @time:1136 vector --> 0xafaeadacabaaa9a8           0xff

INBOUND_INFO:  @time:1137 vector --> 0xb7b6b5b4b3b2b1b0           0xff

INBOUND_INFO:  @time:1138 vector --> 0xbfbebdbcbbbab9b8           0xff

INBOUND_INFO:  @time:1139 vector --> 0xc7c6c5c4c3c2c1c0           0xff

INBOUND_INFO:  @time:1141 vector --> 0xcfcecdcccbcac9c8           0xff

INBOUND_INFO:  @time:1142 vector --> 0xd7d6d5d4d3d2d1d0           0xff

INBOUND_INFO:  @time:1143 vector --> 0xdfdedddcdbdad9d8           0xff

INBOUND_INFO:  @time:1144 vector --> 0xe7e6e5e4e3e2e1e0           0xff

INBOUND_INFO:  @time:1146 vector --> 0xefeeedecebeae9e8           0xff

INBOUND_INFO:  @time:1147 vector --> 0xf7f6f5f4f3f2f1f0           0xff

INBOUND_INFO:  @time:1148 vector --> 0xfffefdfcfbfaf9f8           0xff

INBOUND_INFO:  @time:1149 vector --> 0x0706050403020100           0xff

INBOUND_INFO:  @time:1151 vector --> 0x0f0e0d0c0b0a0908           0xff

INBOUND_INFO:  @time:1152 vector --> 0x1716151413121110           0xff

INBOUND_INFO:  @time:1153 vector --> 0x1f1e1d1c1b1a1918           0xff

INBOUND_INFO:  @time:1154 vector --> 0x2726252423222120           0xff

INBOUND_INFO:  @time:1156 vector --> 0x2f2e2d2c2b2a2928           0xff

INBOUND_INFO:  @time:1157 vector --> 0x3736353433323130           0xff

INBOUND_INFO:  @time:1158 vector --> 0x3f3e3d3c3b3a3938           0xff

INBOUND_INFO:  @time:1159 vector --> 0x4746454443424140           0xff

INBOUND_INFO:  @time:1161 vector --> 0x4f4e4d4c4b4a4948           0xff

INBOUND_INFO:  @time:1162 vector --> 0x5756555453525150           0xff

INBOUND_INFO:  @time:1163 vector --> 0x5f5e5d5c5b5a5958           0xff

INBOUND_INFO:  @time:1164 vector --> 0x6766656463626160           0xff

INBOUND_INFO:  @time:1166 vector --> 0x6f6e6d6c6b6a6968           0xff

INBOUND_INFO:  @time:1167 vector --> 0x7776757473727170           0xff

INBOUND_INFO:  @time:1168 vector --> 0x7f7e7d7c7b7a7978           0xff

INBOUND_INFO:  @time:1169 vector --> 0x8786858483828180           0xff

INBOUND_INFO:  @time:1171 vector --> 0x8f8e8d8c8b8a8988           0xff

INBOUND_INFO:  @time:1172 vector --> 0x9796959493929190           0xff

INBOUND_INFO:  @time:1173 vector --> 0x9f9e9d9c9b9a9998           0xff

INBOUND_INFO:  @time:1174 vector --> 0xa7a6a5a4a3a2a1a0           0xff

INBOUND_INFO:  @time:1176 vector --> 0xafaeadacabaaa9a8           0xff

INBOUND_INFO:  @time:1177 vector --> 0xb7b6b5b4b3b2b1b0           0xff

INBOUND_INFO:  @time:1178 vector --> 0xbfbebdbcbbbab9b8           0xff

INBOUND_INFO:  @time:1179 vector --> 0xc7c6c5c4c3c2c1c0           0xff

INBOUND_INFO:  @time:1181 vector --> 0xcfcecdcccbcac9c8           0xff

INBOUND_INFO:  @time:1182 vector --> 0xd7d6d5d4d3d2d1d0           0xff

INBOUND_INFO:  @time:1183 vector --> 0xdfdedddcdbdad9d8           0xff

INBOUND_INFO:  @time:1184 vector --> 0xe7e6e5e4e3e2e1e0           0xff

INBOUND_INFO:  @time:1186 vector --> 0xefeeedecebeae9e8           0xff

INBOUND_INFO:  @time:1187 vector --> 0xf7f6f5f4f3f2f1f0           0xff

INBOUND_INFO:  @time:1188 vector --> 0xfffefdfcfbfaf9f8           0xff

INBOUND_INFO:  @time:1189 vector --> 0x0706050403020100           0xff

INBOUND_INFO:  @time:1191 vector --> 0x0f0e0d0c0b0a0908           0xff

INBOUND_INFO:  @time:1192 vector --> 0x1716151413121110           0xff

INBOUND_INFO:  @time:1193 vector --> 0x1f1e1d1c1b1a1918           0xff

INBOUND_INFO:  @time:1194 vector --> 0x2726252423222120           0xff

INBOUND_INFO:  @time:1196 vector --> 0x2f2e2d2c2b2a2928           0xff

INBOUND_INFO:  @time:1197 vector --> 0x3736353433323130           0xff

INBOUND_INFO:  @time:1198 vector --> 0x3f3e3d3c3b3a3938           0xff

INBOUND_INFO:  @time:1199 vector --> 0x4746454443424140           0xff

INBOUND_INFO:  @time:1201 vector --> 0x4f4e4d4c4b4a4948           0xff

INBOUND_INFO:  @time:1202 vector --> 0x5756555453525150           0xff

INBOUND_INFO:  @time:1203 vector --> 0x5f5e5d5c5b5a5958           0xff

INBOUND_INFO:  @time:1204 vector --> 0x6766656463626160           0xff

INBOUND_INFO:  @time:1206 vector --> 0x6f6e6d6c6b6a6968           0xff

INBOUND_INFO:  @time:1207 vector --> 0x7776757473727170           0xff

INBOUND_INFO:  @time:1208 vector --> 0x7f7e7d7c7b7a7978           0xff

INBOUND_INFO:  @time:1209 vector --> 0x8786858483828180           0xff

INBOUND_INFO:  @time:1211 vector --> 0x8f8e8d8c8b8a8988           0xff

INBOUND_INFO:  @time:1212 vector --> 0x9796959493929190           0xff

INBOUND_INFO:  @time:1213 vector --> 0x9f9e9d9c9b9a9998           0xff

INBOUND_INFO:  @time:1214 vector --> 0xa7a6a5a4a3a2a1a0           0xff

INBOUND_INFO:  @time:1216 vector --> 0xafaeadacabaaa9a8           0xff

INBOUND_INFO:  @time:1217 vector --> 0xb7b6b5b4b3b2b1b0           0xff

INBOUND_INFO:  @time:1218 vector --> 0xbfbebdbcbbbab9b8           0xff

INBOUND_INFO:  @time:1219 vector --> 0xc7c6c5c4c3c2c1c0           0xff

INBOUND_INFO:  @time:1221 vector --> 0xcfcecdcccbcac9c8           0xff

INBOUND_INFO:  @time:1222 vector --> 0xd7d6d5d4d3d2d1d0           0xff

INBOUND_INFO:  @time:1223 vector --> 0xdfdedddcdbdad9d8           0xff

INBOUND_INFO:  @time:1224 vector --> 0xe7e6e5e4e3e2e1e0           0xff

INBOUND_INFO:  @time:1226 vector --> 0xefeeedecebeae9e8           0xff

INBOUND_INFO:  @time:1227 vector --> 0xf7f6f5f4f3f2f1f0           0xff

INBOUND_INFO:  @time:1228 vector --> 0xfffefdfcfbfaf9f8           0xff

INBOUND_INFO:  @time:1229 vector --> 0x0706050403020100           0xff

INBOUND_INFO:  @time:1231 vector --> 0x0f0e0d0c0b0a0908           0xff

INBOUND_INFO:  @time:1232 vector --> 0x1716151413121110           0xff

INBOUND_INFO:  @time:1233 vector --> 0x1f1e1d1c1b1a1918           0xff

INBOUND_INFO:  @time:1234 vector --> 0x2726252423222120           0xff

INBOUND_INFO:  @time:1236 vector --> 0x2f2e2d2c2b2a2928           0xff

INBOUND_INFO:  @time:1237 vector --> 0x3736353433323130           0xff

INBOUND_INFO:  @time:1238 vector --> 0x3f3e3d3c3b3a3938           0xff

INBOUND_INFO:  @time:1239 vector --> 0x4746454443424140           0xff

INBOUND_INFO:  @time:1241 vector --> 0x4f4e4d4c4b4a4948           0xff

INBOUND_INFO:  @time:1242 vector --> 0x5756555453525150           0xff

INBOUND_INFO:  @time:1243 vector --> 0x5f5e5d5c5b5a5958           0xff

INBOUND_INFO:  @time:1244 vector --> 0x6766656463626160           0xff

INBOUND_INFO:  @time:1246 vector --> 0x6f6e6d6c6b6a6968           0xff

INBOUND_INFO:  @time:1247 vector --> 0x7776757473727170           0xff

INBOUND_INFO:  @time:1248 vector --> 0x7f7e7d7c7b7a7978           0xff

INBOUND_INFO:  @time:1249 vector --> 0x8786858483828180           0xff

INBOUND_INFO:  @time:1251 vector --> 0x8f8e8d8c8b8a8988           0xff

INBOUND_INFO:  @time:1252 vector --> 0x9796959493929190           0xff

INBOUND_INFO:  @time:1253 vector --> 0x9f9e9d9c9b9a9998           0xff

INBOUND_INFO:  @time:1254 vector --> 0xa7a6a5a4a3a2a1a0           0xff

INBOUND_INFO:  @time:1256 vector --> 0xafaeadacabaaa9a8           0xff

INBOUND_INFO:  @time:1257 vector --> 0xb7b6b5b4b3b2b1b0           0xff

INBOUND_INFO:  @time:1258 vector --> 0xbfbebdbcbbbab9b8           0xff

INBOUND_INFO:  @time:1259 vector --> 0xc7c6c5c4c3c2c1c0           0xff

INBOUND_INFO:  @time:1261 vector --> 0xcfcecdcccbcac9c8           0xff

INBOUND_INFO:  @time:1262 vector --> 0xd7d6d5d4d3d2d1d0           0xff

INBOUND_INFO:  @time:1263 vector --> 0xdfdedddcdbdad9d8           0xff

INBOUND_INFO:  @time:1264 vector --> 0xe7e6e5e4e3e2e1e0           0xff

INBOUND_INFO:  @time:1266 vector --> 0xefeeedecebeae9e8           0xff

INBOUND_INFO:  @time:1267 vector --> 0xf7f6f5f4f3f2f1f0           0xff

INBOUND_INFO:  @time:1268 vector --> 0xfffefdfcfbfaf9f8           0xff

INBOUND_INFO:  @time:1269 vector --> 0x0706050403020100           0xff

INBOUND_INFO:  @time:1271 vector --> 0x0f0e0d0c0b0a0908           0xff

INBOUND_INFO:  @time:1272 vector --> 0x1716151413121110           0xff

INBOUND_INFO:  @time:1273 vector --> 0x1f1e1d1c1b1a1918           0xff

INBOUND_INFO:  @time:1274 vector --> 0x2726252423222120           0xff

INBOUND_INFO:  @time:1276 vector --> 0x2f2e2d2c2b2a2928           0xff

INBOUND_INFO:  @time:1277 vector --> 0x3736353433323130           0xff

INBOUND_INFO:  @time:1278 vector --> 0x3f3e3d3c3b3a3938           0xff

INBOUND_INFO:  @time:1279 vector --> 0x4746454443424140           0xff

INBOUND_INFO:  @time:1281 vector --> 0x4f4e4d4c4b4a4948           0xff

INBOUND_INFO:  @time:1282 vector --> 0x5756555453525150           0xff

INBOUND_INFO:  @time:1283 vector --> 0x5f5e5d5c5b5a5958           0xff

INBOUND_INFO:  @time:1284 vector --> 0x6766656463626160           0xff

INBOUND_INFO:  @time:1286 vector --> 0x6f6e6d6c6b6a6968           0xff

INBOUND_INFO:  @time:1287 vector --> 0x7776757473727170           0xff

INBOUND_INFO:  @time:1288 vector --> 0x7f7e7d7c7b7a7978           0xff

INBOUND_INFO:  @time:1289 vector --> 0x8786858483828180           0xff

INBOUND_INFO:  @time:1291 vector --> 0x8f8e8d8c8b8a8988           0xff

INBOUND_INFO:  @time:1292 vector --> 0x9796959493929190           0xff

INBOUND_INFO:  @time:1293 vector --> 0x9f9e9d9c9b9a9998           0xff

INBOUND_INFO:  @time:1294 vector --> 0xa7a6a5a4a3a2a1a0           0xff

INBOUND_INFO:  @time:1296 vector --> 0xafaeadacabaaa9a8           0xff

INBOUND_INFO:  @time:1297 vector --> 0xb7b6b5b4b3b2b1b0           0xff

INBOUND_INFO:  @time:1298 vector --> 0xbfbebdbcbbbab9b8           0xff

INBOUND_INFO:  @time:1299 vector --> 0xc7c6c5c4c3c2c1c0           0xff

INBOUND_INFO:  @time:1301 vector --> 0xcfcecdcccbcac9c8           0xff

INBOUND_INFO:  @time:1302 vector --> 0xd7d6d5d4d3d2d1d0           0xff

INBOUND_INFO:  @time:1303 vector --> 0xdfdedddcdbdad9d8           0xff

INBOUND_INFO:  @time:1304 vector --> 0xe7e6e5e4e3e2e1e0           0xff

INBOUND_INFO:  @time:1306 vector --> 0xefeeedecebeae9e8           0xff

INBOUND_INFO:  @time:1307 vector --> 0xf7f6f5f4f3f2f1f0           0xff

INBOUND_INFO:  @time:1308 vector --> 0xfffefdfcfbfaf9f8           0xff

INBOUND_INFO:  @time:1309 vector --> 0x0706050403020100           0xff

INBOUND_INFO:  @time:1311 vector --> 0x0f0e0d0c0b0a0908           0xff

INBOUND_INFO:  @time:1312 vector --> 0x1716151413121110           0xff

INBOUND_INFO:  @time:1313 vector --> 0x1f1e1d1c1b1a1918           0xff

INBOUND_INFO:  @time:1314 vector --> 0x2726252423222120           0xff

INBOUND_INFO:  @time:1316 vector --> 0x2f2e2d2c2b2a2928           0xff

INBOUND_INFO:  @time:1317 vector --> 0x3736353433323130           0xff

INBOUND_INFO:  @time:1318 vector --> 0x3f3e3d3c3b3a3938           0xff

INBOUND_INFO:  @time:1319 vector --> 0x4746454443424140           0xff

INBOUND_INFO:  @time:1321 vector --> 0x4f4e4d4c4b4a4948           0xff

INBOUND_INFO:  @time:1322 vector --> 0x5756555453525150           0xff

INBOUND_INFO:  @time:1323 vector --> 0x5f5e5d5c5b5a5958           0xff

INBOUND_INFO:  @time:1324 vector --> 0x6766656463626160           0xff

INBOUND_INFO:  @time:1326 vector --> 0x6f6e6d6c6b6a6968           0xff

INBOUND_INFO:  @time:1327 vector --> 0x7776757473727170           0xff

INBOUND_INFO:  @time:1328 vector --> 0x7f7e7d7c7b7a7978           0xff

INBOUND_INFO:  @time:1329 vector --> 0x8786858483828180           0xff

INBOUND_INFO:  @time:1331 vector --> 0x8f8e8d8c8b8a8988           0xff

INBOUND_INFO:  @time:1332 vector --> 0x9796959493929190           0xff

INBOUND_INFO:  @time:1333 vector --> 0x9f9e9d9c9b9a9998           0xff

INBOUND_INFO:  @time:1334 vector --> 0xa7a6a5a4a3a2a1a0           0xff

INBOUND_INFO:  @time:1336 vector --> 0xafaeadacabaaa9a8           0xff

INBOUND_INFO:  @time:1337 vector --> 0xb7b6b5b4b3b2b1b0           0xff

INBOUND_INFO:  @time:1338 vector --> 0xbfbebdbcbbbab9b8           0xff

INBOUND_INFO:  @time:1339 vector --> 0xc7c6c5c4c3c2c1c0           0xff

INBOUND_INFO:  @time:1341 vector --> 0xcfcecdcccbcac9c8           0xff

INBOUND_INFO:  @time:1342 vector --> 0xd7d6d5d4d3d2d1d0           0xff

INBOUND_INFO:  @time:1343 vector --> 0xdfdedddcdbdad9d8           0xff

INBOUND_INFO:  @time:1344 vector --> 0xe7e6e5e4e3e2e1e0           0xff

INBOUND_INFO:  @time:1346 vector --> 0xefeeedecebeae9e8           0xff

INBOUND_INFO:  @time:1347 vector --> 0xf7f6f5f4f3f2f1f0           0xff

INBOUND_INFO:  @time:1348 vector --> 0xfffefdfcfbfaf9f8           0xff

INBOUND_INFO:  @time:1349 vector --> 0x0706050403020100           0xff

INBOUND_INFO:  @time:1351 vector --> 0x0f0e0d0c0b0a0908           0xff

INBOUND_INFO:  @time:1352 vector --> 0x1716151413121110           0xff

INBOUND_INFO:  @time:1353 vector --> 0x1f1e1d1c1b1a1918           0xff

INBOUND_INFO:  @time:1354 vector --> 0x2726252423222120           0xff

INBOUND_INFO:  @time:1356 vector --> 0x2f2e2d2c2b2a2928           0xff

INBOUND_INFO:  @time:1357 vector --> 0x3736353433323130           0xff

INBOUND_INFO:  @time:1358 vector --> 0x3f3e3d3c3b3a3938           0xff

INBOUND_INFO:  @time:1359 vector --> 0x4746454443424140           0xff

INBOUND_INFO:  @time:1361 vector --> 0x4f4e4d4c4b4a4948           0xff

INBOUND_INFO:  @time:1362 vector --> 0x5756555453525150           0xff

INBOUND_INFO:  @time:1363 vector --> 0x5f5e5d5c5b5a5958           0xff

INBOUND_INFO:  @time:1364 vector --> 0x6766656463626160           0xff

INBOUND_INFO:  @time:1366 vector --> 0x6f6e6d6c6b6a6968           0xff

INBOUND_INFO:  @time:1367 vector --> 0x7776757473727170           0xff

INBOUND_INFO:  @time:1368 vector --> 0x7f7e7d7c7b7a7978           0xff

INBOUND_INFO:  @time:1369 vector --> 0x8786858483828180           0xff

INBOUND_INFO:  @time:1371 vector --> 0x8f8e8d8c8b8a8988           0xff

INBOUND_INFO:  @time:1372 vector --> 0x9796959493929190           0xff

INBOUND_INFO:  @time:1373 vector --> 0x9f9e9d9c9b9a9998           0xff

INBOUND_INFO:  @time:1374 vector --> 0xa7a6a5a4a3a2a1a0           0xff

INBOUND_INFO:  @time:1376 vector --> 0xafaeadacabaaa9a8           0xff

INBOUND_INFO:  @time:1377 vector --> 0xb7b6b5b4b3b2b1b0           0xff

INBOUND_INFO:  @time:1378 vector --> 0xbfbebdbcbbbab9b8           0xff

INBOUND_INFO:  @time:1379 vector --> 0xc7c6c5c4c3c2c1c0           0xff

INBOUND_INFO:  @time:1381 vector --> 0xcfcecdcccbcac9c8           0xff

INBOUND_INFO:  @time:1382 vector --> 0xd7d6d5d4d3d2d1d0           0xff

INBOUND_INFO:  @time:1383 vector --> 0xdfdedddcdbdad9d8           0xff

INBOUND_INFO:  @time:1384 vector --> 0xe7e6e5e4e3e2e1e0           0xff

INBOUND_INFO:  @time:1386 vector --> 0xefeeedecebeae9e8           0xff

INBOUND_INFO:  @time:1387 vector --> 0xf7f6f5f4f3f2f1f0           0xff

INBOUND_INFO:  @time:1388 vector --> 0xfffefdfcfbfaf9f8           0xff

INBOUND_INFO:  @time:1389 vector --> 0x0706050403020100           0xff

INBOUND_INFO:  @time:1391 vector --> 0x0f0e0d0c0b0a0908           0xff

INBOUND_INFO:  @time:1392 vector --> 0x1716151413121110           0xff

INBOUND_INFO:  @time:1393 vector --> 0x1f1e1d1c1b1a1918           0xff

INBOUND_INFO:  @time:1394 vector --> 0x2726252423222120           0xff

INBOUND_INFO:  @time:1396 vector --> 0x2f2e2d2c2b2a2928           0xff

INBOUND_INFO:  @time:1397 vector --> 0x3736353433323130           0xff

INBOUND_INFO:  @time:1398 vector --> 0x3f3e3d3c3b3a3938           0xff

INBOUND_INFO:  @time:1399 vector --> 0x4746454443424140           0xff

INBOUND_INFO:  @time:1401 vector --> 0x4f4e4d4c4b4a4948           0xff

INBOUND_INFO:  @time:1402 vector --> 0x5756555453525150           0xff

INBOUND_INFO:  @time:1403 vector --> 0x5f5e5d5c5b5a5958           0xff

INBOUND_INFO:  @time:1404 vector --> 0x6766656463626160           0xff

INBOUND_INFO:  @time:1406 vector --> 0x6f6e6d6c6b6a6968           0xff

INBOUND_INFO:  @time:1407 vector --> 0x7776757473727170           0xff

INBOUND_INFO:  @time:1408 vector --> 0x7f7e7d7c7b7a7978           0xff

INBOUND_INFO:  @time:1409 vector --> 0x8786858483828180           0xff

INBOUND_INFO:  @time:1411 vector --> 0x8f8e8d8c8b8a8988           0xff

INBOUND_INFO:  @time:1412 vector --> 0x9796959493929190           0xff

INBOUND_INFO:  @time:1413 vector --> 0x9f9e9d9c9b9a9998           0xff

INBOUND_INFO:  @time:1414 vector --> 0xa7a6a5a4a3a2a1a0           0xff

INBOUND_INFO:  @time:1416 vector --> 0xafaeadacabaaa9a8           0xff

INBOUND_INFO:  @time:1417 vector --> 0xb7b6b5b4b3b2b1b0           0xff

INBOUND_INFO:  @time:1418 vector --> 0xbfbebdbcbbbab9b8           0xff

INBOUND_INFO:  @time:1419 vector --> 0xc7c6c5c4c3c2c1c0           0xff

INBOUND_INFO:  @time:1421 vector --> 0xcfcecdcccbcac9c8           0xff

INBOUND_INFO:  @time:1422 vector --> 0xd7d6d5d4d3d2d1d0           0xff

INBOUND_INFO:  @time:1423 vector --> 0xdfdedddcdbdad9d8           0xff

INBOUND_INFO:  @time:1424 vector --> 0xe7e6e5e4e3e2e1e0           0xff

INBOUND_INFO:  @time:1426 vector --> 0xefeeedecebeae9e8           0xff

INBOUND_INFO:  @time:1427 vector --> 0xf7f6f5f4f3f2f1f0           0xff

INBOUND_INFO:  @time:1428 vector --> 0xfffefdfcfbfaf9f8           0xff

INBOUND_INFO:  @time:1429 vector --> 0x0706050403020100           0xff

INBOUND_INFO:  @time:1431 vector --> 0x0f0e0d0c0b0a0908           0xff

INBOUND_INFO:  @time:1432 vector --> 0x1716151413121110           0xff

INBOUND_INFO:  @time:1433 vector --> 0x1f1e1d1c1b1a1918           0xff

INBOUND_INFO:  @time:1434 vector --> 0x2726252423222120           0xff

INBOUND_INFO:  @time:1436 vector --> 0x2f2e2d2c2b2a2928           0xff

INBOUND_INFO:  @time:1437 vector --> 0x3736353433323130           0xff

INBOUND_INFO:  @time:1438 vector --> 0x3f3e3d3c3b3a3938           0xff

INBOUND_INFO:  @time:1439 vector --> 0x4746454443424140           0xff

INBOUND_INFO:  @time:1441 vector --> 0x4f4e4d4c4b4a4948           0xff

INBOUND_INFO:  @time:1442 vector --> 0x5756555453525150           0xff

INBOUND_INFO:  @time:1443 vector --> 0x5f5e5d5c5b5a5958           0xff

INBOUND_INFO:  @time:1444 vector --> 0x6766656463626160           0xff

INBOUND_INFO:  @time:1446 vector --> 0x6f6e6d6c6b6a6968           0xff

INBOUND_INFO:  @time:1447 vector --> 0x7776757473727170           0xff

INBOUND_INFO:  @time:1448 vector --> 0x7f7e7d7c7b7a7978           0xff

INBOUND_INFO:  @time:1449 vector --> 0x8786858483828180           0xff

INBOUND_INFO:  @time:1451 vector --> 0x8f8e8d8c8b8a8988           0xff

INBOUND_INFO:  @time:1452 vector --> 0x9796959493929190           0xff

INBOUND_INFO:  @time:1453 vector --> 0x9f9e9d9c9b9a9998           0xff

INBOUND_INFO:  @time:1454 vector --> 0xa7a6a5a4a3a2a1a0           0xff

INBOUND_INFO:  @time:1456 vector --> 0xafaeadacabaaa9a8           0xff

INBOUND_INFO:  @time:1457 vector --> 0xb7b6b5b4b3b2b1b0           0xff

INBOUND_INFO:  @time:1458 vector --> 0xbfbebdbcbbbab9b8           0xff

INBOUND_INFO:  @time:1459 vector --> 0xc7c6c5c4c3c2c1c0           0xff

INBOUND_INFO:  @time:1461 vector --> 0xcfcecdcccbcac9c8           0xff

INBOUND_INFO:  @time:1462 vector --> 0xd7d6d5d4d3d2d1d0           0xff

INBOUND_INFO:  @time:1463 vector --> 0xdfdedddcdbdad9d8           0xff

INBOUND_INFO:  @time:1464 vector --> 0xe7e6e5e4e3e2e1e0           0xff

INBOUND_INFO:  @time:1466 vector --> 0xefeeedecebeae9e8           0xff

INBOUND_INFO:  @time:1467 vector --> 0xf7f6f5f4f3f2f1f0           0xff

INBOUND_INFO:  @time:1468 vector --> 0xfffefdfcfbfaf9f8           0xff

INBOUND_INFO:  @time:1469 vector --> 0x0706050403020100           0xff

INBOUND_INFO:  @time:1471 vector --> 0x0f0e0d0c0b0a0908           0xff

INBOUND_INFO:  @time:1472 vector --> 0x1716151413121110           0xff

INBOUND_INFO:  @time:1473 vector --> 0x1f1e1d1c1b1a1918           0xff

INBOUND_INFO:  @time:1474 vector --> 0x2726252423222120           0xff

INBOUND_INFO:  @time:1476 vector --> 0x2f2e2d2c2b2a2928           0xff

INBOUND_INFO:  @time:1477 vector --> 0x3736353433323130           0xff

INBOUND_INFO:  @time:1478 vector --> 0x3f3e3d3c3b3a3938           0xff

INBOUND_INFO:  @time:1479 vector --> 0x4746454443424140           0xff

INBOUND_INFO:  @time:1481 vector --> 0x4f4e4d4c4b4a4948           0xff

INBOUND_INFO:  @time:1482 vector --> 0x5756555453525150           0xff

INBOUND_INFO:  @time:1483 vector --> 0x5f5e5d5c5b5a5958           0xff

INBOUND_INFO:  @time:1484 vector --> 0x6766656463626160           0xff

INBOUND_INFO:  @time:1486 vector --> 0x6f6e6d6c6b6a6968           0xff

INBOUND_INFO:  @time:1487 vector --> 0x7776757473727170           0xff

INBOUND_INFO:  @time:1488 vector --> 0x7f7e7d7c7b7a7978           0xff

INBOUND_INFO:  @time:1489 vector --> 0x8786858483828180           0xff

INBOUND_INFO:  @time:1491 vector --> 0x8f8e8d8c8b8a8988           0xff

INBOUND_INFO:  @time:1492 vector --> 0x9796959493929190           0xff

INBOUND_INFO:  @time:1493 vector --> 0x9f9e9d9c9b9a9998           0xff

INBOUND_INFO:  @time:1494 vector --> 0xa7a6a5a4a3a2a1a0           0xff

INBOUND_INFO:  @time:1496 vector --> 0xafaeadacabaaa9a8           0xff

INBOUND_INFO:  @time:1497 vector --> 0xb7b6b5b4b3b2b1b0           0xff

INBOUND_INFO:  @time:1498 vector --> 0xbfbebdbcbbbab9b8           0xff

INBOUND_INFO:  @time:1499 vector --> 0xc7c6c5c4c3c2c1c0           0xff

INBOUND_INFO:  @time:1501 vector --> 0xcfcecdcccbcac9c8           0xff

INBOUND_INFO:  @time:1502 vector --> 0xd7d6d5d4d3d2d1d0           0xff

INBOUND_INFO:  @time:1503 vector --> 0xdfdedddcdbdad9d8           0xff

INBOUND_INFO:  @time:1504 vector --> 0xe7e6e5e4e3e2e1e0           0xff

INBOUND_INFO:  @time:1506 vector --> 0xefeeedecebeae9e8           0xff

INBOUND_INFO:  @time:1507 vector --> 0xf7f6f5f4f3f2f1f0           0xff

INBOUND_INFO:  @time:1508 vector --> 0xfffefdfcfbfaf9f8           0xff

INBOUND_INFO:  @time:1509 vector --> 0x0706050403020100           0xff

INBOUND_INFO:  @time:1511 vector --> 0x0f0e0d0c0b0a0908           0xff

INBOUND_INFO:  @time:1512 vector --> 0x1716151413121110           0xff

INBOUND_INFO:  @time:1513 vector --> 0x1f1e1d1c1b1a1918           0xff

INBOUND_INFO:  @time:1514 vector --> 0x2726252423222120           0xff

INBOUND_INFO:  @time:1516 vector --> 0x2f2e2d2c2b2a2928           0xff

INBOUND_INFO:  @time:1517 vector --> 0x3736353433323130           0xff

INBOUND_INFO:  @time:1518 vector --> 0x3f3e3d3c3b3a3938           0xff

INBOUND_INFO:  @time:1519 vector --> 0x4746454443424140           0xff

INBOUND_INFO:  @time:1521 vector --> 0x4f4e4d4c4b4a4948           0xff

INBOUND_INFO:  @time:1522 vector --> 0x5756555453525150           0xff

INBOUND_INFO:  @time:1523 vector --> 0x5f5e5d5c5b5a5958           0xff

INBOUND_INFO:  @time:1524 vector --> 0x6766656463626160           0xff

INBOUND_INFO:  @time:1526 vector --> 0x6f6e6d6c6b6a6968           0xff

INBOUND_INFO:  @time:1527 vector --> 0x7776757473727170           0xff

INBOUND_INFO:  @time:1528 vector --> 0x7f7e7d7c7b7a7978           0xff

INBOUND_INFO:  @time:1529 vector --> 0x8786858483828180           0xff

INBOUND_INFO:  @time:1531 vector --> 0x8f8e8d8c8b8a8988           0xff

INBOUND_INFO:  @time:1532 vector --> 0x9796959493929190           0xff

INBOUND_INFO:  @time:1533 vector --> 0x9f9e9d9c9b9a9998           0xff

INBOUND_INFO:  @time:1534 vector --> 0xa7a6a5a4a3a2a1a0           0xff

INBOUND_INFO:  @time:1536 vector --> 0xafaeadacabaaa9a8           0xff

INBOUND_INFO:  @time:1537 vector --> 0xb7b6b5b4b3b2b1b0           0xff

INBOUND_INFO:  @time:1538 vector --> 0xbfbebdbcbbbab9b8           0xff

INBOUND_INFO:  @time:1539 vector --> 0xc7c6c5c4c3c2c1c0           0xff

INBOUND_INFO:  @time:1541 vector --> 0xcfcecdcccbcac9c8           0xff

INBOUND_INFO:  @time:1542 vector --> 0xd7d6d5d4d3d2d1d0           0xff

INBOUND_INFO:  @time:1543 vector --> 0xdfdedddcdbdad9d8           0xff

INBOUND_INFO:  @time:1544 vector --> 0xe7e6e5e4e3e2e1e0           0xff

INBOUND_INFO:  @time:1546 vector --> 0xefeeedecebeae9e8           0xff

INBOUND_INFO:  @time:1547 vector --> 0xf7f6f5f4f3f2f1f0           0xff

INBOUND_INFO:  @time:1548 vector --> 0xfffefdfcfbfaf9f8           0xff

INBOUND_INFO:  @time:1549 vector --> 0x0706050403020100           0xff

INBOUND_INFO:  @time:1551 vector --> 0x0f0e0d0c0b0a0908           0xff

INBOUND_INFO:  @time:1552 vector --> 0x1716151413121110           0xff

INBOUND_INFO:  @time:1553 vector --> 0x1f1e1d1c1b1a1918           0xff

INBOUND_INFO:  @time:1554 vector --> 0x2726252423222120           0xff

INBOUND_INFO:  @time:1556 vector --> 0x2f2e2d2c2b2a2928           0xff

INBOUND_INFO:  @time:1557 vector --> 0x3736353433323130           0xff

INBOUND_INFO:  @time:1558 vector --> 0x3f3e3d3c3b3a3938           0xff

INBOUND_INFO:  @time:1559 vector --> 0x4746454443424140           0xff

INBOUND_INFO:  @time:1561 vector --> 0x4f4e4d4c4b4a4948           0xff

INBOUND_INFO:  @time:1562 vector --> 0x5756555453525150           0xff

INBOUND_INFO:  @time:1563 vector --> 0x5f5e5d5c5b5a5958           0xff

INBOUND_INFO:  @time:1564 vector --> 0x6766656463626160           0xff

INBOUND_INFO:  @time:1566 vector --> 0x6f6e6d6c6b6a6968           0xff

INBOUND_INFO:  @time:1567 vector --> 0x7776757473727170           0xff

INBOUND_INFO:  @time:1568 vector --> 0x7f7e7d7c7b7a7978           0xff

INBOUND_INFO:  @time:1569 vector --> 0x8786858483828180           0xff

INBOUND_INFO:  @time:1571 vector --> 0x8f8e8d8c8b8a8988           0xff

INBOUND_INFO:  @time:1572 vector --> 0x9796959493929190           0xff

INBOUND_INFO:  @time:1573 vector --> 0x9f9e9d9c9b9a9998           0xff

INBOUND_INFO:  @time:1574 vector --> 0xa7a6a5a4a3a2a1a0           0xff

INBOUND_INFO:  @time:1576 vector --> 0xafaeadacabaaa9a8           0xff

INBOUND_INFO:  @time:1577 vector --> 0xb7b6b5b4b3b2b1b0           0xff

INBOUND_INFO:  @time:1578 vector --> 0xbfbebdbcbbbab9b8           0xff

INBOUND_INFO:  @time:1579 vector --> 0xc7c6c5c4c3c2c1c0           0xff

INBOUND_INFO:  @time:1581 vector --> 0xcfcecdcccbcac9c8           0xff

INBOUND_INFO:  @time:1582 vector --> 0xd7d6d5d4d3d2d1d0           0xff

INBOUND_INFO:  @time:1583 vector --> 0xdfdedddcdbdad9d8           0xff

INBOUND_INFO:  @time:1584 vector --> 0xe7e6e5e4e3e2e1e0           0xff

INBOUND_INFO:  @time:1586 vector --> 0xefeeedecebeae9e8           0xff

INBOUND_INFO:  @time:1587 vector --> 0xf7f6f5f4f3f2f1f0           0xff

INBOUND_INFO:  @time:1588 vector --> 0xfffefdfcfbfaf9f8  EoT      0xff

INBOUND_INFO:  @time:1589 vector --> 0x800000000a000409  SoT      0xff

INBOUND_INFO:  @time:1591 vector --> 0x0000000000000000  EoT      0xff

INBOUND_INFO:  @time:1594 Exiting INBOUND thread...
OUTBOUND_INFO:  @time:4461 vector --> 0xa00000000a000005  SoT      0xff

OUTBOUND_INFO:  @time:4463 vector --> 0x094a000bc039e510           0xff

OUTBOUND_INFO:  @time:4482 vector --> 0x40c020200000a000           0xff

OUTBOUND_INFO:  @time:4483 vector --> 0xd02824020e030280           0xff

OUTBOUND_INFO:  @time:4486 vector --> 0x2422010f0382c060           0xff

OUTBOUND_INFO:  @time:4488 vector --> 0x26030e8342a050c8           0xff

OUTBOUND_INFO:  @time:4491 vector --> 0x008f83c2e070d82c           0xff

OUTBOUND_INFO:  @time:4493 vector --> 0x8e43229048c42221           0xff

OUTBOUND_INFO:  @time:4494 vector --> 0x43a2d068d42a2502           0xff

OUTBOUND_INFO:  @time:4497 vector --> 0x62b058cc2623018f           0xff

OUTBOUND_INFO:  @time:4499 vector --> 0xf078dc2e27038ec3           0xff

OUTBOUND_INFO:  @time:4502 vector --> 0x44c22120804fc3e2           0xff

OUTBOUND_INFO:  @time:4503 vector --> 0xd22924824e231288           0xff

OUTBOUND_INFO:  @time:4506 vector --> 0x2522814f2392c864           0xff

OUTBOUND_INFO:  @time:4508 vector --> 0x26834ea352a854ca           0xff

OUTBOUND_INFO:  @time:4511 vector --> 0x80cfa3d2e874da2d           0xff

OUTBOUND_INFO:  @time:4513 vector --> 0xce6332984cc62321           0xff

OUTBOUND_INFO:  @time:4514 vector --> 0x63b2d86cd62b2582           0xff

OUTBOUND_INFO:  @time:4517 vector --> 0x72b85cce272381cf           0xff

OUTBOUND_INFO:  @time:4519 vector --> 0xf87cde2f2783cee3           0xff

OUTBOUND_INFO:  @time:4522 vector --> 0x42c120a0402fe3f2           0xff

OUTBOUND_INFO:  @time:4523 vector --> 0xd128a4422e130a84           0xff

OUTBOUND_INFO:  @time:4526 vector --> 0x24a2412f138ac462           0xff

OUTBOUND_INFO:  @time:4528 vector --> 0xa6432e934aa452c9           0xff

OUTBOUND_INFO:  @time:4531 vector --> 0x40af93cae472d92c           0xff

OUTBOUND_INFO:  @time:4533 vector --> 0xae532a944ac522a1           0xff

OUTBOUND_INFO:  @time:4534 vector --> 0x53aad46ad52aa542           0xff

OUTBOUND_INFO:  @time:4537 vector --> 0x6ab45acd26a341af           0xff

OUTBOUND_INFO:  @time:4539 vector --> 0xf47add2ea743aed3           0xff

OUTBOUND_INFO:  @time:4542 vector --> 0x46c321a0c06fd3ea           0xff

OUTBOUND_INFO:  @time:4543 vector --> 0xd329a4c26e331a8c           0xff

OUTBOUND_INFO:  @time:4546 vector --> 0x25a2c16f339acc66           0xff

OUTBOUND_INFO:  @time:4548 vector --> 0xa6c36eb35aac56cb           0xff

OUTBOUND_INFO:  @time:4551 vector --> 0xc0efb3daec76db2d           0xff

OUTBOUND_INFO:  @time:4553 vector --> 0xee733a9c4ec723a1           0xff

OUTBOUND_INFO:  @time:4554 vector --> 0x73badc6ed72ba5c2           0xff

OUTBOUND_INFO:  @time:4557 vector --> 0x7abc5ecf27a3c1ef           0xff

OUTBOUND_INFO:  @time:4559 vector --> 0xfc7edf2fa7c3eef3           0xff

OUTBOUND_INFO:  @time:4564 vector --> 0x0003818ffc7ff3fa           0xff

OUTBOUND_INFO:  @time:4566 vector --> 0x7dcf415015a764de  EoT      0xff

OUTBOUND_INFO:  @time:6689 vector --> 0x800000000a000d0f  SoT      0xff

OUTBOUND_INFO:  @time:6703 vector --> 0xe18c8b59e481fa03           0xff

OUTBOUND_INFO:  @time:6704 vector --> 0x0000000000000000           0xff

OUTBOUND_INFO:  @time:6706 vector --> 0x0000000000000000           0xff

OUTBOUND_INFO:  @time:6707 vector --> 0x0000000000000000           0xff

OUTBOUND_INFO:  @time:6708 vector --> 0x0000000000000000           0xff

OUTBOUND_INFO:  @time:6709 vector --> 0x0000000000000138  EoT      0x0f

OUTBOUND_INFO:  @time:6711 vector --> 0x400000000a000608  SoT      0xff

OUTBOUND_INFO:  @time:6712 vector --> 0x0000200000000138           0xff

OUTBOUND_INFO:  @time:6713 vector --> 0x00000000000015ca  EoT      0xff

OUTBOUND_INFO:  @time:6714 vector --> 0x800000000a000409  SoT      0xff

OUTBOUND_INFO:  @time:6716 vector --> 0x0000000000000000  EoT      0xff

OUTBOUND_INFO:  @time:6718 Exiting OUTBOUND thread...

Test xp10 PASSED!

$finish called from file "./zipline_tb.v", line 213.
$finish at simulation time              6728125
           V C S   S i m u l a t i o n   R e p o r t 
Time: 6728125 ps
CPU Time:     16.770 seconds;       Data structure size:  75.7Mb
Fri Jan 15 21:52:17 2021
